Using pre-set license
Built from '2020.3/staging' branch; Version is '2020.3.11f1 (99c7afb366b3) revision 10078127'; Using compiler version '192528614'; Build Type 'Release'
OS: 'Windows 10 Pro; OS build 18362.657; Version 1903; 64bit' Language: 'en' Physical Memory: 16333 MB
BatchMode: 1, IsHumanControllingUs: 0, StartBugReporterOnCrash: 0, Is64bit: 1, IsPro: 0

 COMMAND LINE ARGUMENTS:
C:\Program Files\Unity\Hub\Editor\2020.3.11f1\Editor\Unity.exe
-adb2
-batchMode
-noUpm
-name
AssetImportWorker0
-projectPath
C:/Users/Lix3nn97/Desktop/Unity Projects/UnogFallJam2021
-logFile
Logs/AssetImportWorker0.log
-srvPort
56593
Successfully changed project path to: C:/Users/Lix3nn97/Desktop/Unity Projects/UnogFallJam2021
C:/Users/Lix3nn97/Desktop/Unity Projects/UnogFallJam2021
Using Asset Import Pipeline V2.
Refreshing native plugins compatible for Editor in 205.06 ms, found 2 plugins.
Preloading 0 native plugins for Editor in 0.00 ms.
Initialize engine version: 2020.3.11f1 (99c7afb366b3)
[Subsystems] Discovering subsystems at path C:/Program Files/Unity/Hub/Editor/2020.3.11f1/Editor/Data/Resources/UnitySubsystems
[Subsystems] Discovering subsystems at path C:/Users/Lix3nn97/Desktop/Unity Projects/UnogFallJam2021/Assets
GfxDevice: creating device client; threaded=0
Direct3D:
    Version:  Direct3D 11.0 [level 11.1]
    Renderer: AMD Radeon (TM) R7 370 Series Graphics (ID=0x6811)
    Vendor:   
    VRAM:     2027 MB
    Driver:   27.20.15003.5017
Shader 'Universal Render Pipeline/Particles/Lit': fallback shader 'Universal Render Pipeline/Particles/SimpleLit' not found
Initialize mono
Mono path[0] = 'C:/Program Files/Unity/Hub/Editor/2020.3.11f1/Editor/Data/Managed'
Mono path[1] = 'C:/Program Files/Unity/Hub/Editor/2020.3.11f1/Editor/Data/MonoBleedingEdge/lib/mono/unityjit'
Mono config path = 'C:/Program Files/Unity/Hub/Editor/2020.3.11f1/Editor/Data/MonoBleedingEdge/etc'
Using monoOptions --debugger-agent=transport=dt_socket,embedding=1,server=y,suspend=n,address=127.0.0.1:56616
Begin MonoManager ReloadAssembly
Registering precompiled unity dll's ...
Register platform support module: C:/Program Files/Unity/Hub/Editor/2020.3.11f1/Editor/Data/PlaybackEngines/WebGLSupport/UnityEditor.WebGL.Extensions.dll
Register platform support module: C:/Program Files/Unity/Hub/Editor/2020.3.11f1/Editor/Data/PlaybackEngines/WindowsStandaloneSupport/UnityEditor.WindowsStandalone.Extensions.dll
Registered in 0.002645 seconds.
Native extension for WindowsStandalone target not found
Native extension for WebGL target not found
Refreshing native plugins compatible for Editor in 99.26 ms, found 2 plugins.
Preloading 0 native plugins for Editor in 0.00 ms.
Mono: successfully reloaded assembly
- Completed reload, in  3.507 seconds
Platform modules already initialized, skipping
Registering precompiled user dll's ...
Registered in 0.006032 seconds.
Begin MonoManager ReloadAssembly
Native extension for WindowsStandalone target not found
Native extension for WebGL target not found
Refreshing native plugins compatible for Editor in 98.94 ms, found 2 plugins.
Preloading 0 native plugins for Editor in 0.00 ms.
Mono: successfully reloaded assembly
- Completed reload, in  2.381 seconds
Platform modules already initialized, skipping
========================================================================
Worker process is ready to serve import requests
Shader 'Universal Render Pipeline/Particles/Lit': fallback shader 'Universal Render Pipeline/Particles/SimpleLit' not found
Launched and connected shader compiler UnityShaderCompiler.exe after 0.09 seconds
Refreshing native plugins compatible for Editor in 1.63 ms, found 2 plugins.
Preloading 0 native plugins for Editor in 0.00 ms.
Unloading 3206 Unused Serialized files (Serialized files now loaded: 0)
System memory in use before: 160.1 MB.
System memory in use after: 160.4 MB.

Unloading 21 unused Assets to reduce memory usage. Loaded Objects now: 3664.
Total: 3.898100 ms (FindLiveObjects: 0.447700 ms CreateObjectMapping: 0.350700 ms MarkObjects: 3.064700 ms  DeleteObjects: 0.033400 ms)

========================================================================
Received Import Request.
  path: Assets/Controls.inputactions
  artifactKey: Guid(f46ee4ea6164932438bd0e7005c387cd) Importer(815301076,1909f56bfc062723c751e8b465ee728b)
Start importing Assets/Controls.inputactions using Guid(f46ee4ea6164932438bd0e7005c387cd) Importer(815301076,1909f56bfc062723c751e8b465ee728b)  -> (artifact id: '87b8d3645a4bf4f32e8e5524f6c30b3c') in 0.069099 seconds
  Import took 0.077091 seconds .

========================================================================
Received Prepare
Registering precompiled user dll's ...
Registered in 0.008081 seconds.
Begin MonoManager ReloadAssembly
Native extension for WindowsStandalone target not found
Native extension for WebGL target not found
Refreshing native plugins compatible for Editor in 0.76 ms, found 2 plugins.
Preloading 0 native plugins for Editor in 0.00 ms.
Mono: successfully reloaded assembly
- Completed reload, in  2.791 seconds
Platform modules already initialized, skipping
Shader 'Universal Render Pipeline/Particles/Lit': fallback shader 'Universal Render Pipeline/Particles/SimpleLit' not found
Refreshing native plugins compatible for Editor in 0.65 ms, found 2 plugins.
Preloading 0 native plugins for Editor in 0.00 ms.
Unloading 3081 Unused Serialized files (Serialized files now loaded: 0)
System memory in use before: 151.9 MB.
System memory in use after: 152.1 MB.

Unloading 15 unused Assets to reduce memory usage. Loaded Objects now: 3667.
Total: 3.835000 ms (FindLiveObjects: 0.353600 ms CreateObjectMapping: 0.183100 ms MarkObjects: 3.271300 ms  DeleteObjects: 0.025600 ms)

========================================================================
Received Prepare
Registering precompiled user dll's ...
Registered in 0.007142 seconds.
Begin MonoManager ReloadAssembly
Native extension for WindowsStandalone target not found
Native extension for WebGL target not found
Refreshing native plugins compatible for Editor in 0.71 ms, found 2 plugins.
Preloading 0 native plugins for Editor in 0.00 ms.
Mono: successfully reloaded assembly
- Completed reload, in  1.677 seconds
Platform modules already initialized, skipping
Shader 'Universal Render Pipeline/Particles/Lit': fallback shader 'Universal Render Pipeline/Particles/SimpleLit' not found
Refreshing native plugins compatible for Editor in 0.68 ms, found 2 plugins.
Preloading 0 native plugins for Editor in 0.00 ms.
Unloading 3081 Unused Serialized files (Serialized files now loaded: 0)
System memory in use before: 151.9 MB.
System memory in use after: 152.2 MB.

Unloading 15 unused Assets to reduce memory usage. Loaded Objects now: 3670.
Total: 4.459000 ms (FindLiveObjects: 0.376100 ms CreateObjectMapping: 0.297500 ms MarkObjects: 3.733100 ms  DeleteObjects: 0.051000 ms)

========================================================================
Received Prepare
Registering precompiled user dll's ...
Registered in 0.005899 seconds.
Begin MonoManager ReloadAssembly
Native extension for WindowsStandalone target not found
Native extension for WebGL target not found
Refreshing native plugins compatible for Editor in 1.26 ms, found 2 plugins.
Preloading 0 native plugins for Editor in 0.00 ms.
Mono: successfully reloaded assembly
- Completed reload, in  1.806 seconds
Platform modules already initialized, skipping
Shader 'Universal Render Pipeline/Particles/Lit': fallback shader 'Universal Render Pipeline/Particles/SimpleLit' not found
Refreshing native plugins compatible for Editor in 0.72 ms, found 2 plugins.
Preloading 0 native plugins for Editor in 0.00 ms.
Unloading 3081 Unused Serialized files (Serialized files now loaded: 0)
System memory in use before: 152.0 MB.
System memory in use after: 152.2 MB.

Unloading 15 unused Assets to reduce memory usage. Loaded Objects now: 3673.
Total: 4.656900 ms (FindLiveObjects: 0.380600 ms CreateObjectMapping: 0.286100 ms MarkObjects: 3.941600 ms  DeleteObjects: 0.047000 ms)

========================================================================
Received Prepare
Registering precompiled user dll's ...
Registered in 0.005606 seconds.
Begin MonoManager ReloadAssembly
Native extension for WindowsStandalone target not found
Native extension for WebGL target not found
Refreshing native plugins compatible for Editor in 0.68 ms, found 2 plugins.
Preloading 0 native plugins for Editor in 0.00 ms.
Mono: successfully reloaded assembly
- Completed reload, in  1.905 seconds
Platform modules already initialized, skipping
Shader 'Universal Render Pipeline/Particles/Lit': fallback shader 'Universal Render Pipeline/Particles/SimpleLit' not found
Refreshing native plugins compatible for Editor in 0.68 ms, found 2 plugins.
Preloading 0 native plugins for Editor in 0.00 ms.
Unloading 3081 Unused Serialized files (Serialized files now loaded: 0)
System memory in use before: 152.0 MB.
System memory in use after: 152.2 MB.

Unloading 15 unused Assets to reduce memory usage. Loaded Objects now: 3676.
Total: 3.858800 ms (FindLiveObjects: 0.380900 ms CreateObjectMapping: 0.304100 ms MarkObjects: 3.144200 ms  DeleteObjects: 0.028100 ms)

========================================================================
Received Prepare
Registering precompiled user dll's ...
Registered in 0.005900 seconds.
Begin MonoManager ReloadAssembly
Native extension for WindowsStandalone target not found
Native extension for WebGL target not found
Refreshing native plugins compatible for Editor in 0.73 ms, found 2 plugins.
Preloading 0 native plugins for Editor in 0.00 ms.
Mono: successfully reloaded assembly
- Completed reload, in  1.942 seconds
Platform modules already initialized, skipping
Shader 'Universal Render Pipeline/Particles/Lit': fallback shader 'Universal Render Pipeline/Particles/SimpleLit' not found
Refreshing native plugins compatible for Editor in 0.63 ms, found 2 plugins.
Preloading 0 native plugins for Editor in 0.00 ms.
Unloading 3081 Unused Serialized files (Serialized files now loaded: 0)
System memory in use before: 152.0 MB.
System memory in use after: 152.2 MB.

Unloading 15 unused Assets to reduce memory usage. Loaded Objects now: 3679.
Total: 3.805100 ms (FindLiveObjects: 0.337600 ms CreateObjectMapping: 0.199400 ms MarkObjects: 3.234000 ms  DeleteObjects: 0.032100 ms)

========================================================================
Received Prepare
Registering precompiled user dll's ...
Registered in 0.006970 seconds.
Begin MonoManager ReloadAssembly
Native extension for WindowsStandalone target not found
Native extension for WebGL target not found
Refreshing native plugins compatible for Editor in 0.72 ms, found 2 plugins.
Preloading 0 native plugins for Editor in 0.00 ms.
Mono: successfully reloaded assembly
- Completed reload, in  1.895 seconds
Platform modules already initialized, skipping
Shader 'Universal Render Pipeline/Particles/Lit': fallback shader 'Universal Render Pipeline/Particles/SimpleLit' not found
Refreshing native plugins compatible for Editor in 0.67 ms, found 2 plugins.
Preloading 0 native plugins for Editor in 0.00 ms.
Unloading 3081 Unused Serialized files (Serialized files now loaded: 0)
System memory in use before: 152.0 MB.
System memory in use after: 152.2 MB.

Unloading 15 unused Assets to reduce memory usage. Loaded Objects now: 3682.
Total: 3.042200 ms (FindLiveObjects: 0.299000 ms CreateObjectMapping: 0.164600 ms MarkObjects: 2.553700 ms  DeleteObjects: 0.023300 ms)

========================================================================
Received Prepare
Registering precompiled user dll's ...
Registered in 0.006755 seconds.
Begin MonoManager ReloadAssembly
Native extension for WindowsStandalone target not found
Native extension for WebGL target not found
Refreshing native plugins compatible for Editor in 0.70 ms, found 2 plugins.
Preloading 0 native plugins for Editor in 0.00 ms.
Mono: successfully reloaded assembly
- Completed reload, in  1.797 seconds
Platform modules already initialized, skipping
Shader 'Universal Render Pipeline/Particles/Lit': fallback shader 'Universal Render Pipeline/Particles/SimpleLit' not found
Refreshing native plugins compatible for Editor in 0.67 ms, found 2 plugins.
Preloading 0 native plugins for Editor in 0.00 ms.
Unloading 3081 Unused Serialized files (Serialized files now loaded: 0)
System memory in use before: 152.0 MB.
System memory in use after: 152.3 MB.

Unloading 15 unused Assets to reduce memory usage. Loaded Objects now: 3685.
Total: 4.034200 ms (FindLiveObjects: 0.476500 ms CreateObjectMapping: 0.362800 ms MarkObjects: 3.163000 ms  DeleteObjects: 0.030700 ms)

========================================================================
Received Import Request.
  Time since last request: 2676.055769 seconds.
  path: Assets/Scripts
  artifactKey: Guid(02a3527b6b33a924e8ec66aa805ea717) Importer(815301076,1909f56bfc062723c751e8b465ee728b)
Start importing Assets/Scripts using Guid(02a3527b6b33a924e8ec66aa805ea717) Importer(815301076,1909f56bfc062723c751e8b465ee728b)  -> (artifact id: 'f0a913a0049096cde5d6a727232f232f') in 0.012961 seconds
  Import took 0.019485 seconds .

========================================================================
Received Import Request.
  Time since last request: 3.533789 seconds.
  path: Assets/Scripts/Player
  artifactKey: Guid(62c0af033c338c844a86a25f5219e825) Importer(815301076,1909f56bfc062723c751e8b465ee728b)
Start importing Assets/Scripts/Player using Guid(62c0af033c338c844a86a25f5219e825) Importer(815301076,1909f56bfc062723c751e8b465ee728b)  -> (artifact id: 'd28f2afc3de6092b2e32d237bdb2e8c5') in 0.006521 seconds
  Import took 0.013155 seconds .

========================================================================
Received Import Request.
  Time since last request: 0.982747 seconds.
  path: Assets/Scripts/Player/CharacterController2D.cs
  artifactKey: Guid(f5dfca6ef7ac89c4aa9b465e954bdeec) Importer(815301076,1909f56bfc062723c751e8b465ee728b)
Start importing Assets/Scripts/Player/CharacterController2D.cs using Guid(f5dfca6ef7ac89c4aa9b465e954bdeec) Importer(815301076,1909f56bfc062723c751e8b465ee728b)  -> (artifact id: '1bb8f42054a8257f762c6c96087e63f7') in 0.008494 seconds
  Import took 0.017018 seconds .

========================================================================
Received Import Request.
  Time since last request: 0.033130 seconds.
  path: Assets/Scripts/Player/CharacterController2D.cs
  artifactKey: Guid(f5dfca6ef7ac89c4aa9b465e954bdeec) Importer(815301076,1909f56bfc062723c751e8b465ee728b)
Start importing Assets/Scripts/Player/CharacterController2D.cs using Guid(f5dfca6ef7ac89c4aa9b465e954bdeec) Importer(815301076,1909f56bfc062723c751e8b465ee728b)  -> (artifact id: '1bb8f42054a8257f762c6c96087e63f7') in 0.007397 seconds
  Import took 0.018073 seconds .

========================================================================
Received Prepare
Registering precompiled user dll's ...
Registered in 0.006424 seconds.
Begin MonoManager ReloadAssembly
Native extension for WindowsStandalone target not found
Native extension for WebGL target not found
Refreshing native plugins compatible for Editor in 0.72 ms, found 2 plugins.
Preloading 0 native plugins for Editor in 0.00 ms.
Mono: successfully reloaded assembly
- Completed reload, in  1.633 seconds
Platform modules already initialized, skipping
Shader 'Universal Render Pipeline/Particles/Lit': fallback shader 'Universal Render Pipeline/Particles/SimpleLit' not found
Refreshing native plugins compatible for Editor in 0.69 ms, found 2 plugins.
Preloading 0 native plugins for Editor in 0.00 ms.
Unloading 3081 Unused Serialized files (Serialized files now loaded: 0)
System memory in use before: 152.0 MB.
System memory in use after: 152.3 MB.

Unloading 15 unused Assets to reduce memory usage. Loaded Objects now: 3688.
Total: 4.155200 ms (FindLiveObjects: 0.399000 ms CreateObjectMapping: 0.297100 ms MarkObjects: 3.431100 ms  DeleteObjects: 0.026500 ms)

========================================================================
Received Import Request.
  Time since last request: 153.152281 seconds.
  path: Assets/Scripts/Player/CharacterController2D.cs
  artifactKey: Guid(f5dfca6ef7ac89c4aa9b465e954bdeec) Importer(815301076,1909f56bfc062723c751e8b465ee728b)
Start importing Assets/Scripts/Player/CharacterController2D.cs using Guid(f5dfca6ef7ac89c4aa9b465e954bdeec) Importer(815301076,1909f56bfc062723c751e8b465ee728b)  -> (artifact id: 'c19e36f690e4cb94790830047b53e77f') in 0.010069 seconds
  Import took 0.017481 seconds .

========================================================================
Received Import Request.
  Time since last request: 1.501673 seconds.
  path: Assets/Scripts/Player/CharacterController2D.cs
  artifactKey: Guid(f5dfca6ef7ac89c4aa9b465e954bdeec) Importer(815301076,1909f56bfc062723c751e8b465ee728b)
Start importing Assets/Scripts/Player/CharacterController2D.cs using Guid(f5dfca6ef7ac89c4aa9b465e954bdeec) Importer(815301076,1909f56bfc062723c751e8b465ee728b)  -> (artifact id: 'c19e36f690e4cb94790830047b53e77f') in 0.003158 seconds
  Import took 0.011773 seconds .

========================================================================
Received Prepare
Registering precompiled user dll's ...
Registered in 0.005619 seconds.
Begin MonoManager ReloadAssembly
Native extension for WindowsStandalone target not found
Native extension for WebGL target not found
Refreshing native plugins compatible for Editor in 0.77 ms, found 2 plugins.
Preloading 0 native plugins for Editor in 0.00 ms.
Mono: successfully reloaded assembly
- Completed reload, in  2.236 seconds
Platform modules already initialized, skipping
Shader 'Universal Render Pipeline/Particles/Lit': fallback shader 'Universal Render Pipeline/Particles/SimpleLit' not found
Refreshing native plugins compatible for Editor in 0.68 ms, found 2 plugins.
Preloading 0 native plugins for Editor in 0.00 ms.
Unloading 3081 Unused Serialized files (Serialized files now loaded: 0)
System memory in use before: 152.0 MB.
System memory in use after: 152.3 MB.

Unloading 15 unused Assets to reduce memory usage. Loaded Objects now: 3691.
Total: 3.533700 ms (FindLiveObjects: 0.389000 ms CreateObjectMapping: 0.294900 ms MarkObjects: 2.827900 ms  DeleteObjects: 0.020600 ms)

========================================================================
Received Import Request.
  Time since last request: 52.709018 seconds.
  path: Assets/Scripts/Player/CharacterController2D.cs
  artifactKey: Guid(f5dfca6ef7ac89c4aa9b465e954bdeec) Importer(815301076,1909f56bfc062723c751e8b465ee728b)
Start importing Assets/Scripts/Player/CharacterController2D.cs using Guid(f5dfca6ef7ac89c4aa9b465e954bdeec) Importer(815301076,1909f56bfc062723c751e8b465ee728b)  -> (artifact id: 'b84ce1527345e31cd17f51d269ef5ddb') in 0.009121 seconds
  Import took 0.016429 seconds .

========================================================================
Received Prepare
Registering precompiled user dll's ...
Registered in 0.006376 seconds.
Begin MonoManager ReloadAssembly
Native extension for WindowsStandalone target not found
Native extension for WebGL target not found
Refreshing native plugins compatible for Editor in 0.71 ms, found 2 plugins.
Preloading 0 native plugins for Editor in 0.00 ms.
Mono: successfully reloaded assembly
- Completed reload, in  1.690 seconds
Platform modules already initialized, skipping
Shader 'Universal Render Pipeline/Particles/Lit': fallback shader 'Universal Render Pipeline/Particles/SimpleLit' not found
Refreshing native plugins compatible for Editor in 0.63 ms, found 2 plugins.
Preloading 0 native plugins for Editor in 0.00 ms.
Unloading 3081 Unused Serialized files (Serialized files now loaded: 0)
System memory in use before: 152.1 MB.
System memory in use after: 152.3 MB.

Unloading 15 unused Assets to reduce memory usage. Loaded Objects now: 3694.
Total: 2.995500 ms (FindLiveObjects: 0.314200 ms CreateObjectMapping: 0.184000 ms MarkObjects: 2.465500 ms  DeleteObjects: 0.030600 ms)

========================================================================
Received Import Request.
  Time since last request: 8.816389 seconds.
  path: Assets/Scripts/Player/CharacterController2D.cs
  artifactKey: Guid(f5dfca6ef7ac89c4aa9b465e954bdeec) Importer(815301076,1909f56bfc062723c751e8b465ee728b)
Start importing Assets/Scripts/Player/CharacterController2D.cs using Guid(f5dfca6ef7ac89c4aa9b465e954bdeec) Importer(815301076,1909f56bfc062723c751e8b465ee728b)  -> (artifact id: '7f7ea3a597726419db683267da010bbe') in 0.009587 seconds
  Import took 0.015159 seconds .

========================================================================
Received Import Request.
  Time since last request: 1.579875 seconds.
  path: Assets/Scripts/Player/CharacterController2D.cs
  artifactKey: Guid(f5dfca6ef7ac89c4aa9b465e954bdeec) Importer(815301076,1909f56bfc062723c751e8b465ee728b)
Start importing Assets/Scripts/Player/CharacterController2D.cs using Guid(f5dfca6ef7ac89c4aa9b465e954bdeec) Importer(815301076,1909f56bfc062723c751e8b465ee728b)  -> (artifact id: '7f7ea3a597726419db683267da010bbe') in 0.003221 seconds
  Import took 0.011773 seconds .

========================================================================
Received Prepare
Registering precompiled user dll's ...
Registered in 0.006872 seconds.
Begin MonoManager ReloadAssembly
Native extension for WindowsStandalone target not found
Native extension for WebGL target not found
Refreshing native plugins compatible for Editor in 0.94 ms, found 2 plugins.
Preloading 0 native plugins for Editor in 0.00 ms.
Mono: successfully reloaded assembly
- Completed reload, in  1.891 seconds
Platform modules already initialized, skipping
Shader 'Universal Render Pipeline/Particles/Lit': fallback shader 'Universal Render Pipeline/Particles/SimpleLit' not found
Refreshing native plugins compatible for Editor in 0.88 ms, found 2 plugins.
Preloading 0 native plugins for Editor in 0.00 ms.
Unloading 3081 Unused Serialized files (Serialized files now loaded: 0)
System memory in use before: 152.1 MB.
System memory in use after: 152.3 MB.

Unloading 15 unused Assets to reduce memory usage. Loaded Objects now: 3697.
Total: 5.220900 ms (FindLiveObjects: 0.393500 ms CreateObjectMapping: 0.852500 ms MarkObjects: 3.945900 ms  DeleteObjects: 0.027400 ms)

========================================================================
Received Import Request.
  Time since last request: 32.727609 seconds.
  path: Assets/Scripts/Player/CharacterController2D.cs
  artifactKey: Guid(f5dfca6ef7ac89c4aa9b465e954bdeec) Importer(815301076,1909f56bfc062723c751e8b465ee728b)
Start importing Assets/Scripts/Player/CharacterController2D.cs using Guid(f5dfca6ef7ac89c4aa9b465e954bdeec) Importer(815301076,1909f56bfc062723c751e8b465ee728b)  -> (artifact id: 'f2fcecba77712002e5d8d8d187cbf851') in 0.008701 seconds
  Import took 0.015670 seconds .

========================================================================
Received Import Request.
  Time since last request: 0.994489 seconds.
  path: Assets/Scripts/Player/CharacterController2D.cs
  artifactKey: Guid(f5dfca6ef7ac89c4aa9b465e954bdeec) Importer(815301076,1909f56bfc062723c751e8b465ee728b)
Start importing Assets/Scripts/Player/CharacterController2D.cs using Guid(f5dfca6ef7ac89c4aa9b465e954bdeec) Importer(815301076,1909f56bfc062723c751e8b465ee728b)  -> (artifact id: 'f2fcecba77712002e5d8d8d187cbf851') in 0.004534 seconds
  Import took 0.010472 seconds .

========================================================================
Received Prepare
Registering precompiled user dll's ...
Registered in 0.007505 seconds.
Begin MonoManager ReloadAssembly
Native extension for WindowsStandalone target not found
Native extension for WebGL target not found
Refreshing native plugins compatible for Editor in 0.71 ms, found 2 plugins.
Preloading 0 native plugins for Editor in 0.00 ms.
Mono: successfully reloaded assembly
- Completed reload, in  1.815 seconds
Platform modules already initialized, skipping
Shader 'Universal Render Pipeline/Particles/Lit': fallback shader 'Universal Render Pipeline/Particles/SimpleLit' not found
Refreshing native plugins compatible for Editor in 0.64 ms, found 2 plugins.
Preloading 0 native plugins for Editor in 0.00 ms.
Unloading 3081 Unused Serialized files (Serialized files now loaded: 0)
System memory in use before: 152.1 MB.
System memory in use after: 152.3 MB.

Unloading 15 unused Assets to reduce memory usage. Loaded Objects now: 3700.
Total: 3.296900 ms (FindLiveObjects: 0.306700 ms CreateObjectMapping: 0.162800 ms MarkObjects: 2.794800 ms  DeleteObjects: 0.031000 ms)

========================================================================
Received Import Request.
  Time since last request: 158.793476 seconds.
  path: Assets/Scripts/Interractable
  artifactKey: Guid(d7c2868bee22c9246857313341ca6f95) Importer(815301076,1909f56bfc062723c751e8b465ee728b)
Start importing Assets/Scripts/Interractable using Guid(d7c2868bee22c9246857313341ca6f95) Importer(815301076,1909f56bfc062723c751e8b465ee728b)  -> (artifact id: '366aa89edf5d635d976ca99e9ddf1eba') in 0.010869 seconds
  Import took 0.021655 seconds .

========================================================================
Received Import Request.
  Time since last request: 5.269721 seconds.
  path: Assets/Scripts/Interractable/IngredientOnGround.cs
  artifactKey: Guid(6631022223f6b7c49b75e09e6ae11674) Importer(815301076,1909f56bfc062723c751e8b465ee728b)
Start importing Assets/Scripts/Interractable/IngredientOnGround.cs using Guid(6631022223f6b7c49b75e09e6ae11674) Importer(815301076,1909f56bfc062723c751e8b465ee728b)  -> (artifact id: '8fb4b7b44aea7036dbf4a5228975249d') in 0.005623 seconds
  Import took 0.012987 seconds .

========================================================================
Received Prepare
Registering precompiled user dll's ...
Registered in 0.006725 seconds.
Begin MonoManager ReloadAssembly
Native extension for WindowsStandalone target not found
Native extension for WebGL target not found
Refreshing native plugins compatible for Editor in 1.07 ms, found 2 plugins.
Preloading 0 native plugins for Editor in 0.00 ms.
Mono: successfully reloaded assembly
- Completed reload, in  1.762 seconds
Platform modules already initialized, skipping
Shader 'Universal Render Pipeline/Particles/Lit': fallback shader 'Universal Render Pipeline/Particles/SimpleLit' not found
Refreshing native plugins compatible for Editor in 0.67 ms, found 2 plugins.
Preloading 0 native plugins for Editor in 0.00 ms.
Unloading 3081 Unused Serialized files (Serialized files now loaded: 0)
System memory in use before: 152.1 MB.
System memory in use after: 152.3 MB.

Unloading 15 unused Assets to reduce memory usage. Loaded Objects now: 3703.
Total: 3.504200 ms (FindLiveObjects: 0.389100 ms CreateObjectMapping: 0.300300 ms MarkObjects: 2.791600 ms  DeleteObjects: 0.021700 ms)

========================================================================
Received Prepare
Registering precompiled user dll's ...
Registered in 0.005960 seconds.
Begin MonoManager ReloadAssembly
Native extension for WindowsStandalone target not found
Native extension for WebGL target not found
Refreshing native plugins compatible for Editor in 0.70 ms, found 2 plugins.
Preloading 0 native plugins for Editor in 0.00 ms.
Mono: successfully reloaded assembly
- Completed reload, in  1.552 seconds
Platform modules already initialized, skipping
Shader 'Universal Render Pipeline/Particles/Lit': fallback shader 'Universal Render Pipeline/Particles/SimpleLit' not found
Refreshing native plugins compatible for Editor in 0.71 ms, found 2 plugins.
Preloading 0 native plugins for Editor in 0.00 ms.
Unloading 3081 Unused Serialized files (Serialized files now loaded: 0)
System memory in use before: 152.1 MB.
System memory in use after: 152.3 MB.

Unloading 15 unused Assets to reduce memory usage. Loaded Objects now: 3706.
Total: 4.146000 ms (FindLiveObjects: 0.322400 ms CreateObjectMapping: 0.181500 ms MarkObjects: 3.612700 ms  DeleteObjects: 0.027700 ms)

========================================================================
Received Prepare
Registering precompiled user dll's ...
Registered in 0.006822 seconds.
Begin MonoManager ReloadAssembly
Native extension for WindowsStandalone target not found
Native extension for WebGL target not found
Refreshing native plugins compatible for Editor in 0.69 ms, found 2 plugins.
Preloading 0 native plugins for Editor in 0.00 ms.
Mono: successfully reloaded assembly
- Completed reload, in  1.695 seconds
Platform modules already initialized, skipping
Shader 'Universal Render Pipeline/Particles/Lit': fallback shader 'Universal Render Pipeline/Particles/SimpleLit' not found
Refreshing native plugins compatible for Editor in 2.40 ms, found 2 plugins.
Preloading 0 native plugins for Editor in 0.00 ms.
Unloading 3081 Unused Serialized files (Serialized files now loaded: 0)
System memory in use before: 152.1 MB.
System memory in use after: 152.3 MB.

Unloading 15 unused Assets to reduce memory usage. Loaded Objects now: 3709.
Total: 6.145300 ms (FindLiveObjects: 0.416300 ms CreateObjectMapping: 0.323000 ms MarkObjects: 5.377600 ms  DeleteObjects: 0.026500 ms)

========================================================================
Received Prepare
Registering precompiled user dll's ...
Registered in 0.007277 seconds.
Begin MonoManager ReloadAssembly
Native extension for WindowsStandalone target not found
Native extension for WebGL target not found
Refreshing native plugins compatible for Editor in 0.67 ms, found 2 plugins.
Preloading 0 native plugins for Editor in 0.00 ms.
Mono: successfully reloaded assembly
- Completed reload, in  1.597 seconds
Platform modules already initialized, skipping
Shader 'Universal Render Pipeline/Particles/Lit': fallback shader 'Universal Render Pipeline/Particles/SimpleLit' not found
Refreshing native plugins compatible for Editor in 0.84 ms, found 2 plugins.
Preloading 0 native plugins for Editor in 0.00 ms.
Unloading 3081 Unused Serialized files (Serialized files now loaded: 0)
System memory in use before: 152.1 MB.
System memory in use after: 152.3 MB.

Unloading 15 unused Assets to reduce memory usage. Loaded Objects now: 3712.
Total: 6.368800 ms (FindLiveObjects: 0.489700 ms CreateObjectMapping: 0.319400 ms MarkObjects: 5.529900 ms  DeleteObjects: 0.028000 ms)

========================================================================
Received Import Request.
  Time since last request: 361.046830 seconds.
  path: Assets/Scripts/Camera/CameraAnimator.controller
  artifactKey: Guid(b8aece6dcaac6884db8ee7cf671e1450) Importer(815301076,1909f56bfc062723c751e8b465ee728b)
Start importing Assets/Scripts/Camera/CameraAnimator.controller using Guid(b8aece6dcaac6884db8ee7cf671e1450) Importer(815301076,1909f56bfc062723c751e8b465ee728b)  -> (artifact id: '1e0246e26ed1f48651459792fd3f1929') in 0.027355 seconds
  Import took 0.034929 seconds .

========================================================================
Received Prepare
Registering precompiled user dll's ...
Registered in 0.008400 seconds.
Begin MonoManager ReloadAssembly
Native extension for WindowsStandalone target not found
Native extension for WebGL target not found
Refreshing native plugins compatible for Editor in 0.67 ms, found 2 plugins.
Preloading 0 native plugins for Editor in 0.00 ms.
Mono: successfully reloaded assembly
- Completed reload, in  1.597 seconds
Platform modules already initialized, skipping
Shader 'Universal Render Pipeline/Particles/Lit': fallback shader 'Universal Render Pipeline/Particles/SimpleLit' not found
Refreshing native plugins compatible for Editor in 0.74 ms, found 2 plugins.
Preloading 0 native plugins for Editor in 0.00 ms.
Unloading 3081 Unused Serialized files (Serialized files now loaded: 0)
System memory in use before: 152.1 MB.
System memory in use after: 152.4 MB.

Unloading 15 unused Assets to reduce memory usage. Loaded Objects now: 3715.
Total: 4.775500 ms (FindLiveObjects: 0.436900 ms CreateObjectMapping: 0.333600 ms MarkObjects: 3.976200 ms  DeleteObjects: 0.026500 ms)

========================================================================
Received Import Request.
  Time since last request: 62.762114 seconds.
  path: Assets/Scripts/Camera
  artifactKey: Guid(edbd7173a28368d4ca45785aaeab0567) Importer(815301076,1909f56bfc062723c751e8b465ee728b)
Start importing Assets/Scripts/Camera using Guid(edbd7173a28368d4ca45785aaeab0567) Importer(815301076,1909f56bfc062723c751e8b465ee728b)  -> (artifact id: 'd83d27177cdeba341f5e04e2f5e8b504') in 0.017004 seconds
  Import took 0.027359 seconds .

========================================================================
Received Import Request.
  Time since last request: 0.048084 seconds.
  path: Assets/Scripts/Camera/NoiseSettings.asset
  artifactKey: Guid(390eb960636ef304e9745747616dcbb6) Importer(815301076,1909f56bfc062723c751e8b465ee728b)
Start importing Assets/Scripts/Camera/NoiseSettings.asset using Guid(390eb960636ef304e9745747616dcbb6) Importer(815301076,1909f56bfc062723c751e8b465ee728b)  -> (artifact id: '4d9ee6f7c2f165a8991790577080fc7c') in 0.018066 seconds
  Import took 0.024855 seconds .

========================================================================
Received Prepare
Registering precompiled user dll's ...
Registered in 0.007206 seconds.
Begin MonoManager ReloadAssembly
Native extension for WindowsStandalone target not found
Native extension for WebGL target not found
Refreshing native plugins compatible for Editor in 0.77 ms, found 2 plugins.
Preloading 0 native plugins for Editor in 0.00 ms.
Mono: successfully reloaded assembly
- Completed reload, in  1.721 seconds
Platform modules already initialized, skipping
Shader 'Universal Render Pipeline/Particles/Lit': fallback shader 'Universal Render Pipeline/Particles/SimpleLit' not found
Refreshing native plugins compatible for Editor in 0.90 ms, found 2 plugins.
Preloading 0 native plugins for Editor in 0.00 ms.
Unloading 3081 Unused Serialized files (Serialized files now loaded: 0)
System memory in use before: 152.1 MB.
System memory in use after: 152.4 MB.

Unloading 15 unused Assets to reduce memory usage. Loaded Objects now: 3718.
Total: 5.618400 ms (FindLiveObjects: 0.314600 ms CreateObjectMapping: 0.201300 ms MarkObjects: 5.065800 ms  DeleteObjects: 0.035100 ms)

========================================================================
Received Import Request.
  Time since last request: 177.905182 seconds.
  path: Assets/Scripts/Camera/NoiseSettings.asset
  artifactKey: Guid(390eb960636ef304e9745747616dcbb6) Importer(815301076,1909f56bfc062723c751e8b465ee728b)
Start importing Assets/Scripts/Camera/NoiseSettings.asset using Guid(390eb960636ef304e9745747616dcbb6) Importer(815301076,1909f56bfc062723c751e8b465ee728b)  -> (artifact id: '9b2cc9e1e0a20a8b4e4eee229f5be2fa') in 0.021084 seconds
  Import took 0.027429 seconds .

========================================================================
Received Prepare
Registering precompiled user dll's ...
Registered in 0.008715 seconds.
Begin MonoManager ReloadAssembly
Native extension for WindowsStandalone target not found
Native extension for WebGL target not found
Refreshing native plugins compatible for Editor in 0.72 ms, found 2 plugins.
Preloading 0 native plugins for Editor in 0.00 ms.
Mono: successfully reloaded assembly
- Completed reload, in  1.733 seconds
Platform modules already initialized, skipping
Shader 'Universal Render Pipeline/Particles/Lit': fallback shader 'Universal Render Pipeline/Particles/SimpleLit' not found
Refreshing native plugins compatible for Editor in 0.69 ms, found 2 plugins.
Preloading 0 native plugins for Editor in 0.00 ms.
Unloading 3081 Unused Serialized files (Serialized files now loaded: 0)
System memory in use before: 152.1 MB.
System memory in use after: 152.4 MB.

Unloading 15 unused Assets to reduce memory usage. Loaded Objects now: 3721.
Total: 3.711800 ms (FindLiveObjects: 0.413100 ms CreateObjectMapping: 0.358300 ms MarkObjects: 2.915000 ms  DeleteObjects: 0.023900 ms)

========================================================================
Received Import Request.
  Time since last request: 98.689547 seconds.
  path: Assets/Scripts/Camera/NoiseSettings.asset
  artifactKey: Guid(390eb960636ef304e9745747616dcbb6) Importer(815301076,1909f56bfc062723c751e8b465ee728b)
Start importing Assets/Scripts/Camera/NoiseSettings.asset using Guid(390eb960636ef304e9745747616dcbb6) Importer(815301076,1909f56bfc062723c751e8b465ee728b)  -> (artifact id: '66937d4d3d7e0a886264b9be057d0461') in 0.020188 seconds
  Import took 0.028939 seconds .

========================================================================
Received Import Request.
  Time since last request: 1.168640 seconds.
  path: Assets/Scripts/Camera/NoiseSettings.asset
  artifactKey: Guid(390eb960636ef304e9745747616dcbb6) Importer(815301076,1909f56bfc062723c751e8b465ee728b)
Start importing Assets/Scripts/Camera/NoiseSettings.asset using Guid(390eb960636ef304e9745747616dcbb6) Importer(815301076,1909f56bfc062723c751e8b465ee728b)  -> (artifact id: '66937d4d3d7e0a886264b9be057d0461') in 0.005523 seconds
  Import took 0.012565 seconds .

========================================================================
Received Prepare
Registering precompiled user dll's ...
Registered in 0.008193 seconds.
Begin MonoManager ReloadAssembly
Native extension for WindowsStandalone target not found
Native extension for WebGL target not found
Refreshing native plugins compatible for Editor in 0.72 ms, found 2 plugins.
Preloading 0 native plugins for Editor in 0.00 ms.
Mono: successfully reloaded assembly
- Completed reload, in  1.958 seconds
Platform modules already initialized, skipping
Shader 'Universal Render Pipeline/Particles/Lit': fallback shader 'Universal Render Pipeline/Particles/SimpleLit' not found
Refreshing native plugins compatible for Editor in 0.71 ms, found 2 plugins.
Preloading 0 native plugins for Editor in 0.00 ms.
Unloading 3081 Unused Serialized files (Serialized files now loaded: 0)
System memory in use before: 152.1 MB.
System memory in use after: 152.4 MB.

Unloading 15 unused Assets to reduce memory usage. Loaded Objects now: 3724.
Total: 3.508900 ms (FindLiveObjects: 0.396900 ms CreateObjectMapping: 0.303300 ms MarkObjects: 2.782500 ms  DeleteObjects: 0.024600 ms)

========================================================================
Received Import Request.
  Time since last request: 28.578362 seconds.
  path: Assets/Scripts/Camera/NoiseSettings.asset
  artifactKey: Guid(390eb960636ef304e9745747616dcbb6) Importer(815301076,1909f56bfc062723c751e8b465ee728b)
Start importing Assets/Scripts/Camera/NoiseSettings.asset using Guid(390eb960636ef304e9745747616dcbb6) Importer(815301076,1909f56bfc062723c751e8b465ee728b)  -> (artifact id: 'a8e17604c29219a9d183ed347955de3e') in 0.044048 seconds
  Import took 0.056849 seconds .

========================================================================
Received Import Request.
  Time since last request: 0.384248 seconds.
  path: Assets/Scripts/Camera/NoiseSettings.asset
  artifactKey: Guid(390eb960636ef304e9745747616dcbb6) Importer(815301076,1909f56bfc062723c751e8b465ee728b)
Start importing Assets/Scripts/Camera/NoiseSettings.asset using Guid(390eb960636ef304e9745747616dcbb6) Importer(815301076,1909f56bfc062723c751e8b465ee728b)  -> (artifact id: 'a8e17604c29219a9d183ed347955de3e') in 0.004363 seconds
  Import took 0.012678 seconds .

========================================================================
Received Prepare
Registering precompiled user dll's ...
Registered in 0.006596 seconds.
Begin MonoManager ReloadAssembly
Native extension for WindowsStandalone target not found
Native extension for WebGL target not found
Refreshing native plugins compatible for Editor in 1.01 ms, found 2 plugins.
Preloading 0 native plugins for Editor in 0.00 ms.
Mono: successfully reloaded assembly
- Completed reload, in  1.815 seconds
Platform modules already initialized, skipping
Shader 'Universal Render Pipeline/Particles/Lit': fallback shader 'Universal Render Pipeline/Particles/SimpleLit' not found
Refreshing native plugins compatible for Editor in 0.65 ms, found 2 plugins.
Preloading 0 native plugins for Editor in 0.00 ms.
Unloading 3081 Unused Serialized files (Serialized files now loaded: 0)
System memory in use before: 152.2 MB.
System memory in use after: 152.4 MB.

Unloading 15 unused Assets to reduce memory usage. Loaded Objects now: 3727.
Total: 3.399800 ms (FindLiveObjects: 0.308700 ms CreateObjectMapping: 0.160900 ms MarkObjects: 2.904900 ms  DeleteObjects: 0.023800 ms)

========================================================================
Received Prepare
Registering precompiled user dll's ...
Registered in 0.006429 seconds.
Begin MonoManager ReloadAssembly
Native extension for WindowsStandalone target not found
Native extension for WebGL target not found
Refreshing native plugins compatible for Editor in 0.68 ms, found 2 plugins.
Preloading 0 native plugins for Editor in 0.00 ms.
Mono: successfully reloaded assembly
- Completed reload, in  1.855 seconds
Platform modules already initialized, skipping
Shader 'Universal Render Pipeline/Particles/Lit': fallback shader 'Universal Render Pipeline/Particles/SimpleLit' not found
Refreshing native plugins compatible for Editor in 1.26 ms, found 2 plugins.
Preloading 0 native plugins for Editor in 0.00 ms.
Unloading 3081 Unused Serialized files (Serialized files now loaded: 0)
System memory in use before: 152.2 MB.
System memory in use after: 152.4 MB.

Unloading 15 unused Assets to reduce memory usage. Loaded Objects now: 3730.
Total: 5.408700 ms (FindLiveObjects: 0.385400 ms CreateObjectMapping: 0.286600 ms MarkObjects: 4.700400 ms  DeleteObjects: 0.034700 ms)

========================================================================
Received Prepare
Registering precompiled user dll's ...
Registered in 0.005367 seconds.
Begin MonoManager ReloadAssembly
Native extension for WindowsStandalone target not found
Native extension for WebGL target not found
Refreshing native plugins compatible for Editor in 0.69 ms, found 2 plugins.
Preloading 0 native plugins for Editor in 0.00 ms.
Mono: successfully reloaded assembly
- Completed reload, in  1.578 seconds
Platform modules already initialized, skipping
Shader 'Universal Render Pipeline/Particles/Lit': fallback shader 'Universal Render Pipeline/Particles/SimpleLit' not found
Refreshing native plugins compatible for Editor in 0.68 ms, found 2 plugins.
Preloading 0 native plugins for Editor in 0.00 ms.
Unloading 3081 Unused Serialized files (Serialized files now loaded: 0)
System memory in use before: 152.2 MB.
System memory in use after: 152.4 MB.

Unloading 15 unused Assets to reduce memory usage. Loaded Objects now: 3733.
Total: 4.603700 ms (FindLiveObjects: 0.465000 ms CreateObjectMapping: 0.313700 ms MarkObjects: 3.795000 ms  DeleteObjects: 0.028300 ms)

========================================================================
Received Prepare
Registering precompiled user dll's ...
Registered in 0.006359 seconds.
Begin MonoManager ReloadAssembly
Native extension for WindowsStandalone target not found
Native extension for WebGL target not found
Refreshing native plugins compatible for Editor in 0.71 ms, found 2 plugins.
Preloading 0 native plugins for Editor in 0.00 ms.
Mono: successfully reloaded assembly
- Completed reload, in  2.233 seconds
Platform modules already initialized, skipping
Shader 'Universal Render Pipeline/Particles/Lit': fallback shader 'Universal Render Pipeline/Particles/SimpleLit' not found
Refreshing native plugins compatible for Editor in 0.67 ms, found 2 plugins.
Preloading 0 native plugins for Editor in 0.00 ms.
Unloading 3081 Unused Serialized files (Serialized files now loaded: 0)
System memory in use before: 152.2 MB.
System memory in use after: 152.4 MB.

Unloading 15 unused Assets to reduce memory usage. Loaded Objects now: 3736.
Total: 4.335600 ms (FindLiveObjects: 0.398600 ms CreateObjectMapping: 0.322600 ms MarkObjects: 3.577700 ms  DeleteObjects: 0.035400 ms)

========================================================================
Received Prepare
Registering precompiled user dll's ...
Registered in 0.006895 seconds.
Begin MonoManager ReloadAssembly
Native extension for WindowsStandalone target not found
Native extension for WebGL target not found
Refreshing native plugins compatible for Editor in 0.70 ms, found 2 plugins.
Preloading 0 native plugins for Editor in 0.00 ms.
Mono: successfully reloaded assembly
- Completed reload, in  1.762 seconds
Platform modules already initialized, skipping
Shader 'Universal Render Pipeline/Particles/Lit': fallback shader 'Universal Render Pipeline/Particles/SimpleLit' not found
Refreshing native plugins compatible for Editor in 1.33 ms, found 2 plugins.
Preloading 0 native plugins for Editor in 0.00 ms.
Unloading 3081 Unused Serialized files (Serialized files now loaded: 0)
System memory in use before: 152.2 MB.
System memory in use after: 152.4 MB.

Unloading 15 unused Assets to reduce memory usage. Loaded Objects now: 3739.
Total: 4.730600 ms (FindLiveObjects: 0.401800 ms CreateObjectMapping: 0.309100 ms MarkObjects: 3.993100 ms  DeleteObjects: 0.025300 ms)

========================================================================
Received Prepare
Registering precompiled user dll's ...
Registered in 0.007023 seconds.
Begin MonoManager ReloadAssembly
Native extension for WindowsStandalone target not found
Native extension for WebGL target not found
Refreshing native plugins compatible for Editor in 1.46 ms, found 2 plugins.
Preloading 0 native plugins for Editor in 0.00 ms.
Mono: successfully reloaded assembly
- Completed reload, in  1.732 seconds
Platform modules already initialized, skipping
Shader 'Universal Render Pipeline/Particles/Lit': fallback shader 'Universal Render Pipeline/Particles/SimpleLit' not found
Refreshing native plugins compatible for Editor in 0.69 ms, found 2 plugins.
Preloading 0 native plugins for Editor in 0.00 ms.
Unloading 3081 Unused Serialized files (Serialized files now loaded: 0)
System memory in use before: 152.2 MB.
System memory in use after: 152.4 MB.

Unloading 15 unused Assets to reduce memory usage. Loaded Objects now: 3742.
Total: 3.817200 ms (FindLiveObjects: 0.379100 ms CreateObjectMapping: 0.345900 ms MarkObjects: 3.057200 ms  DeleteObjects: 0.034100 ms)

========================================================================
Received Prepare
Registering precompiled user dll's ...
Registered in 0.006873 seconds.
Begin MonoManager ReloadAssembly
Native extension for WindowsStandalone target not found
Native extension for WebGL target not found
Refreshing native plugins compatible for Editor in 0.70 ms, found 2 plugins.
Preloading 0 native plugins for Editor in 0.00 ms.
Mono: successfully reloaded assembly
- Completed reload, in  1.791 seconds
Platform modules already initialized, skipping
Shader 'Universal Render Pipeline/Particles/Lit': fallback shader 'Universal Render Pipeline/Particles/SimpleLit' not found
Refreshing native plugins compatible for Editor in 0.75 ms, found 2 plugins.
Preloading 0 native plugins for Editor in 0.00 ms.
Unloading 3081 Unused Serialized files (Serialized files now loaded: 0)
System memory in use before: 152.2 MB.
System memory in use after: 152.4 MB.

Unloading 15 unused Assets to reduce memory usage. Loaded Objects now: 3745.
Total: 3.882500 ms (FindLiveObjects: 0.436200 ms CreateObjectMapping: 0.333100 ms MarkObjects: 3.084200 ms  DeleteObjects: 0.027200 ms)

========================================================================
Received Prepare
Registering precompiled user dll's ...
Registered in 0.006109 seconds.
Begin MonoManager ReloadAssembly
Native extension for WindowsStandalone target not found
Native extension for WebGL target not found
Refreshing native plugins compatible for Editor in 0.66 ms, found 2 plugins.
Preloading 0 native plugins for Editor in 0.00 ms.
Mono: successfully reloaded assembly
- Completed reload, in  1.786 seconds
Platform modules already initialized, skipping
Shader 'Universal Render Pipeline/Particles/Lit': fallback shader 'Universal Render Pipeline/Particles/SimpleLit' not found
Refreshing native plugins compatible for Editor in 0.65 ms, found 2 plugins.
Preloading 0 native plugins for Editor in 0.00 ms.
Unloading 3081 Unused Serialized files (Serialized files now loaded: 0)
System memory in use before: 152.2 MB.
System memory in use after: 152.5 MB.

Unloading 15 unused Assets to reduce memory usage. Loaded Objects now: 3748.
Total: 3.854000 ms (FindLiveObjects: 0.469100 ms CreateObjectMapping: 0.387900 ms MarkObjects: 2.964400 ms  DeleteObjects: 0.031100 ms)

========================================================================
Received Prepare
Registering precompiled user dll's ...
Registered in 0.007380 seconds.
Begin MonoManager ReloadAssembly
Native extension for WindowsStandalone target not found
Native extension for WebGL target not found
Refreshing native plugins compatible for Editor in 0.82 ms, found 2 plugins.
Preloading 0 native plugins for Editor in 0.00 ms.
Mono: successfully reloaded assembly
- Completed reload, in  1.579 seconds
Platform modules already initialized, skipping
Shader 'Universal Render Pipeline/Particles/Lit': fallback shader 'Universal Render Pipeline/Particles/SimpleLit' not found
Refreshing native plugins compatible for Editor in 0.71 ms, found 2 plugins.
Preloading 0 native plugins for Editor in 0.00 ms.
Unloading 3081 Unused Serialized files (Serialized files now loaded: 0)
System memory in use before: 152.2 MB.
System memory in use after: 152.5 MB.

Unloading 15 unused Assets to reduce memory usage. Loaded Objects now: 3751.
Total: 3.545300 ms (FindLiveObjects: 0.334000 ms CreateObjectMapping: 0.160900 ms MarkObjects: 3.016600 ms  DeleteObjects: 0.032200 ms)

========================================================================
Received Prepare
Registering precompiled user dll's ...
Registered in 0.008271 seconds.
Begin MonoManager ReloadAssembly
Native extension for WindowsStandalone target not found
Native extension for WebGL target not found
Refreshing native plugins compatible for Editor in 0.77 ms, found 2 plugins.
Preloading 0 native plugins for Editor in 0.00 ms.
Mono: successfully reloaded assembly
- Completed reload, in  1.778 seconds
Platform modules already initialized, skipping
Shader 'Universal Render Pipeline/Particles/Lit': fallback shader 'Universal Render Pipeline/Particles/SimpleLit' not found
Refreshing native plugins compatible for Editor in 0.69 ms, found 2 plugins.
Preloading 0 native plugins for Editor in 0.00 ms.
Unloading 3081 Unused Serialized files (Serialized files now loaded: 0)
System memory in use before: 152.2 MB.
System memory in use after: 152.5 MB.

Unloading 15 unused Assets to reduce memory usage. Loaded Objects now: 3754.
Total: 4.552800 ms (FindLiveObjects: 0.669200 ms CreateObjectMapping: 0.445600 ms MarkObjects: 3.405100 ms  DeleteObjects: 0.031400 ms)

========================================================================
Received Import Request.
  Time since last request: 739.631928 seconds.
  path: Assets/Scripts/Camera/NoiseSettings.asset
  artifactKey: Guid(390eb960636ef304e9745747616dcbb6) Importer(815301076,1909f56bfc062723c751e8b465ee728b)
Start importing Assets/Scripts/Camera/NoiseSettings.asset using Guid(390eb960636ef304e9745747616dcbb6) Importer(815301076,1909f56bfc062723c751e8b465ee728b)  -> (artifact id: '0ab54fa879cb989501ede41a9de49810') in 0.024892 seconds
  Import took 0.033009 seconds .

========================================================================
Received Prepare
Registering precompiled user dll's ...
Registered in 0.006655 seconds.
Begin MonoManager ReloadAssembly
Native extension for WindowsStandalone target not found
Native extension for WebGL target not found
Refreshing native plugins compatible for Editor in 0.86 ms, found 2 plugins.
Preloading 0 native plugins for Editor in 0.00 ms.
Mono: successfully reloaded assembly
- Completed reload, in  1.784 seconds
Platform modules already initialized, skipping
Shader 'Universal Render Pipeline/Particles/Lit': fallback shader 'Universal Render Pipeline/Particles/SimpleLit' not found
Refreshing native plugins compatible for Editor in 0.76 ms, found 2 plugins.
Preloading 0 native plugins for Editor in 0.00 ms.
Unloading 3081 Unused Serialized files (Serialized files now loaded: 0)
System memory in use before: 152.2 MB.
System memory in use after: 152.5 MB.

Unloading 15 unused Assets to reduce memory usage. Loaded Objects now: 3757.
Total: 4.241200 ms (FindLiveObjects: 0.687000 ms CreateObjectMapping: 0.277200 ms MarkObjects: 3.231300 ms  DeleteObjects: 0.044100 ms)

