Using pre-set license
Built from '2020.3/staging' branch; Version is '2020.3.11f1 (99c7afb366b3) revision 10078127'; Using compiler version '192528614'; Build Type 'Release'
OS: 'Windows 10 Pro; OS build 18362.657; Version 1903; 64bit' Language: 'en' Physical Memory: 16333 MB
BatchMode: 1, IsHumanControllingUs: 0, StartBugReporterOnCrash: 0, Is64bit: 1, IsPro: 0

 COMMAND LINE ARGUMENTS:
C:\Program Files\Unity\Hub\Editor\2020.3.11f1\Editor\Unity.exe
-adb2
-batchMode
-noUpm
-name
AssetImportWorker0
-projectPath
C:/Users/Lix3nn97/Desktop/Unity Projects/UnogFallJam2021
-logFile
Logs/AssetImportWorker0.log
-srvPort
56762
Successfully changed project path to: C:/Users/Lix3nn97/Desktop/Unity Projects/UnogFallJam2021
C:/Users/Lix3nn97/Desktop/Unity Projects/UnogFallJam2021
Using Asset Import Pipeline V2.
Refreshing native plugins compatible for Editor in 74.90 ms, found 2 plugins.
Preloading 0 native plugins for Editor in 0.00 ms.
Initialize engine version: 2020.3.11f1 (99c7afb366b3)
[Subsystems] Discovering subsystems at path C:/Program Files/Unity/Hub/Editor/2020.3.11f1/Editor/Data/Resources/UnitySubsystems
[Subsystems] Discovering subsystems at path C:/Users/Lix3nn97/Desktop/Unity Projects/UnogFallJam2021/Assets
GfxDevice: creating device client; threaded=0
Direct3D:
    Version:  Direct3D 11.0 [level 11.1]
    Renderer: AMD Radeon (TM) R7 370 Series Graphics (ID=0x6811)
    Vendor:   
    VRAM:     2027 MB
    Driver:   27.20.15003.5017
Initialize mono
Mono path[0] = 'C:/Program Files/Unity/Hub/Editor/2020.3.11f1/Editor/Data/Managed'
Mono path[1] = 'C:/Program Files/Unity/Hub/Editor/2020.3.11f1/Editor/Data/MonoBleedingEdge/lib/mono/unityjit'
Mono config path = 'C:/Program Files/Unity/Hub/Editor/2020.3.11f1/Editor/Data/MonoBleedingEdge/etc'
Using monoOptions --debugger-agent=transport=dt_socket,embedding=1,server=y,suspend=n,address=127.0.0.1:56964
Begin MonoManager ReloadAssembly
Registering precompiled unity dll's ...
Register platform support module: C:/Program Files/Unity/Hub/Editor/2020.3.11f1/Editor/Data/PlaybackEngines/WebGLSupport/UnityEditor.WebGL.Extensions.dll
Register platform support module: C:/Program Files/Unity/Hub/Editor/2020.3.11f1/Editor/Data/PlaybackEngines/WindowsStandaloneSupport/UnityEditor.WindowsStandalone.Extensions.dll
Registered in 0.003385 seconds.
Native extension for WindowsStandalone target not found
Native extension for WebGL target not found
Refreshing native plugins compatible for Editor in 73.82 ms, found 2 plugins.
Preloading 0 native plugins for Editor in 0.00 ms.
Mono: successfully reloaded assembly
- Completed reload, in  1.799 seconds
Platform modules already initialized, skipping
Registering precompiled user dll's ...
Registered in 0.009444 seconds.
Begin MonoManager ReloadAssembly
Native extension for WindowsStandalone target not found
Native extension for WebGL target not found
Refreshing native plugins compatible for Editor in 73.75 ms, found 2 plugins.
Preloading 0 native plugins for Editor in 0.00 ms.
Mono: successfully reloaded assembly
- Completed reload, in  1.663 seconds
Platform modules already initialized, skipping
========================================================================
Worker process is ready to serve import requests
Shader 'Universal Render Pipeline/Particles/Lit': fallback shader 'Universal Render Pipeline/Particles/SimpleLit' not found
Shader 'Universal Render Pipeline/Particles/Lit': fallback shader 'Universal Render Pipeline/Particles/SimpleLit' not found
Launched and connected shader compiler UnityShaderCompiler.exe after 0.08 seconds
Refreshing native plugins compatible for Editor in 0.67 ms, found 2 plugins.
Preloading 0 native plugins for Editor in 0.00 ms.
Unloading 3156 Unused Serialized files (Serialized files now loaded: 0)
System memory in use before: 135.7 MB.
System memory in use after: 131.9 MB.

Unloading 72 unused Assets to reduce memory usage. Loaded Objects now: 3544.
Total: 6.255500 ms (FindLiveObjects: 0.454800 ms CreateObjectMapping: 0.247900 ms MarkObjects: 3.463300 ms  DeleteObjects: 2.087800 ms)

========================================================================
Received Import Request.
  path: Assets/Art/Characters/Player/Animation/Player.controller
  artifactKey: Guid(00347eafe2edc2940877df07cebbf849) Importer(815301076,1909f56bfc062723c751e8b465ee728b)
Start importing Assets/Art/Characters/Player/Animation/Player.controller using Guid(00347eafe2edc2940877df07cebbf849) Importer(815301076,1909f56bfc062723c751e8b465ee728b)  -> (artifact id: '1bfb08ad6527bcd1900fc73a4ec14f51') in 0.046169 seconds
  Import took 0.053796 seconds .

========================================================================
Received Import Request.
  Time since last request: 205.397744 seconds.
  path: Assets/Art/Characters/Player/Sprite/cat-hat-idle.png
  artifactKey: Guid(3a924181e7190d144843fa0c72bb7f0a) Importer(815301076,1909f56bfc062723c751e8b465ee728b)
Start importing Assets/Art/Characters/Player/Sprite/cat-hat-idle.png using Guid(3a924181e7190d144843fa0c72bb7f0a) Importer(815301076,1909f56bfc062723c751e8b465ee728b)  -> (artifact id: '2914561651249f95705d7b007a9fedd0') in 0.184835 seconds
  Import took 0.201522 seconds .

========================================================================
Received Import Request.
  Time since last request: 5.966703 seconds.
  path: Assets/Art/Characters/Player/Sprite/cat-nohat-idle.png
  artifactKey: Guid(125f5ff8da0befc4bb354161643b3476) Importer(815301076,1909f56bfc062723c751e8b465ee728b)
Start importing Assets/Art/Characters/Player/Sprite/cat-nohat-idle.png using Guid(125f5ff8da0befc4bb354161643b3476) Importer(815301076,1909f56bfc062723c751e8b465ee728b)  -> (artifact id: '3eee4f9780777d241271f7efed6b1bdf') in 0.030357 seconds
  Import took 0.036317 seconds .

========================================================================
Received Import Request.
  Time since last request: 5.775758 seconds.
  path: Assets/Art/Characters/Player/Sprite/cat-nohat-idle.png
  artifactKey: Guid(125f5ff8da0befc4bb354161643b3476) Importer(815301076,1909f56bfc062723c751e8b465ee728b)
Start importing Assets/Art/Characters/Player/Sprite/cat-nohat-idle.png using Guid(125f5ff8da0befc4bb354161643b3476) Importer(815301076,1909f56bfc062723c751e8b465ee728b)  -> (artifact id: '86819dc4c04183779fbec0f7f7dbeb31') in 0.031001 seconds
  Import took 0.037837 seconds .

========================================================================
Received Import Request.
  Time since last request: 5.671475 seconds.
  path: Assets/Art/Characters/Player/Sprite/cat-hat-idle.png
  artifactKey: Guid(3a924181e7190d144843fa0c72bb7f0a) Importer(815301076,1909f56bfc062723c751e8b465ee728b)
Start importing Assets/Art/Characters/Player/Sprite/cat-hat-idle.png using Guid(3a924181e7190d144843fa0c72bb7f0a) Importer(815301076,1909f56bfc062723c751e8b465ee728b)  -> (artifact id: '94c07569761c7e2bf6e316e084143e11') in 0.048785 seconds
  Import took 0.057766 seconds .

========================================================================
Received Import Request.
  Time since last request: 0.001142 seconds.
  path: Assets/Art/Characters/Player/Sprite/cat-hat-idle.png
  artifactKey: Guid(3a924181e7190d144843fa0c72bb7f0a) Importer(815301076,1909f56bfc062723c751e8b465ee728b)
Start importing Assets/Art/Characters/Player/Sprite/cat-hat-idle.png using Guid(3a924181e7190d144843fa0c72bb7f0a) Importer(815301076,1909f56bfc062723c751e8b465ee728b)  -> (artifact id: '94c07569761c7e2bf6e316e084143e11') in 0.029393 seconds
  Import took 0.036137 seconds .

========================================================================
Received Import Request.
  Time since last request: 3.619333 seconds.
  path: Assets/Art/Characters/Player/Sprite/cat-hat-movement.png
  artifactKey: Guid(79a40a5435991594e8d23a3a29c1a0f2) Importer(815301076,1909f56bfc062723c751e8b465ee728b)
Start importing Assets/Art/Characters/Player/Sprite/cat-hat-movement.png using Guid(79a40a5435991594e8d23a3a29c1a0f2) Importer(815301076,1909f56bfc062723c751e8b465ee728b)  -> (artifact id: '13d33479b20173cf1eca8aa999a61a79') in 0.027405 seconds
  Import took 0.038160 seconds .

========================================================================
Received Import Request.
  Time since last request: 3.163032 seconds.
  path: Assets/Art/Characters/Player/Sprite/cat-nohat-movement.png
  artifactKey: Guid(387500118ca22d948a1fa1bd24c72d4c) Importer(815301076,1909f56bfc062723c751e8b465ee728b)
Start importing Assets/Art/Characters/Player/Sprite/cat-nohat-movement.png using Guid(387500118ca22d948a1fa1bd24c72d4c) Importer(815301076,1909f56bfc062723c751e8b465ee728b)  -> (artifact id: 'a276c722356fb07ab1aa0f06cd50c437') in 0.029379 seconds
  Import took 0.036016 seconds .

========================================================================
Received Prepare
Registering precompiled user dll's ...
Registered in 0.009381 seconds.
Begin MonoManager ReloadAssembly
Native extension for WindowsStandalone target not found
Native extension for WebGL target not found
Refreshing native plugins compatible for Editor in 0.79 ms, found 2 plugins.
Preloading 0 native plugins for Editor in 0.00 ms.
Mono: successfully reloaded assembly
- Completed reload, in  1.731 seconds
Platform modules already initialized, skipping
Shader 'Universal Render Pipeline/Particles/Lit': fallback shader 'Universal Render Pipeline/Particles/SimpleLit' not found
Shader 'Universal Render Pipeline/Particles/Lit': fallback shader 'Universal Render Pipeline/Particles/SimpleLit' not found
Refreshing native plugins compatible for Editor in 0.88 ms, found 2 plugins.
Preloading 0 native plugins for Editor in 0.00 ms.
Unloading 3130 Unused Serialized files (Serialized files now loaded: 0)
System memory in use before: 136.8 MB.
System memory in use after: 133.1 MB.

Unloading 65 unused Assets to reduce memory usage. Loaded Objects now: 3553.
Total: 6.900800 ms (FindLiveObjects: 0.322300 ms CreateObjectMapping: 0.164700 ms MarkObjects: 3.417400 ms  DeleteObjects: 2.994600 ms)

========================================================================
Received Import Request.
  Time since last request: 94.253619 seconds.
  path: Assets/Art/Characters/Player/Sprite/cat-nohat-idle.png
  artifactKey: Guid(125f5ff8da0befc4bb354161643b3476) Importer(815301076,1909f56bfc062723c751e8b465ee728b)
Start importing Assets/Art/Characters/Player/Sprite/cat-nohat-idle.png using Guid(125f5ff8da0befc4bb354161643b3476) Importer(815301076,1909f56bfc062723c751e8b465ee728b)  -> (artifact id: 'b4ca657384ae084ff0312a7edf616557') in 0.081153 seconds
  Import took 0.087291 seconds .

========================================================================
Received Import Request.
  Time since last request: 0.003556 seconds.
  path: Assets/Art/Characters/Player/Sprite/cat-nohat-idle.png
  artifactKey: Guid(125f5ff8da0befc4bb354161643b3476) Importer(815301076,1909f56bfc062723c751e8b465ee728b)
Start importing Assets/Art/Characters/Player/Sprite/cat-nohat-idle.png using Guid(125f5ff8da0befc4bb354161643b3476) Importer(815301076,1909f56bfc062723c751e8b465ee728b)  -> (artifact id: 'b4ca657384ae084ff0312a7edf616557') in 0.026455 seconds
  Import took 0.034172 seconds .

========================================================================
Received Import Request.
  Time since last request: 13.811867 seconds.
  path: Assets/Art/Characters/Player/Sprite/cat-nohat-idle.png
  artifactKey: Guid(125f5ff8da0befc4bb354161643b3476) Importer(815301076,1909f56bfc062723c751e8b465ee728b)
Start importing Assets/Art/Characters/Player/Sprite/cat-nohat-idle.png using Guid(125f5ff8da0befc4bb354161643b3476) Importer(815301076,1909f56bfc062723c751e8b465ee728b)  -> (artifact id: '897491bb207c4e55b750e72972a1c261') in 0.221062 seconds
  Import took 0.251340 seconds .

========================================================================
Received Import Request.
  Time since last request: 100.999402 seconds.
  path: Assets/Art/Characters/Player/Sprite/cat-nohat-idle.png
  artifactKey: Guid(125f5ff8da0befc4bb354161643b3476) Importer(815301076,1909f56bfc062723c751e8b465ee728b)
Start importing Assets/Art/Characters/Player/Sprite/cat-nohat-idle.png using Guid(125f5ff8da0befc4bb354161643b3476) Importer(815301076,1909f56bfc062723c751e8b465ee728b)  -> (artifact id: 'd4af28e39b3cb7b19a40c46f12f0a857') in 0.076290 seconds
  Import took 0.086664 seconds .

========================================================================
Received Import Request.
  Time since last request: 0.094567 seconds.
  path: Assets/Art/Characters/Player/Sprite/cat-nohat-idle.png
  artifactKey: Guid(125f5ff8da0befc4bb354161643b3476) Importer(815301076,1909f56bfc062723c751e8b465ee728b)
Start importing Assets/Art/Characters/Player/Sprite/cat-nohat-idle.png using Guid(125f5ff8da0befc4bb354161643b3476) Importer(815301076,1909f56bfc062723c751e8b465ee728b)  -> (artifact id: 'd4af28e39b3cb7b19a40c46f12f0a857') in 0.099110 seconds
  Import took 0.205461 seconds .

========================================================================
Received Import Request.
  Time since last request: 11.743021 seconds.
  path: Assets/Art/Characters/Player/Sprite/cat-nohat-idle.png
  artifactKey: Guid(125f5ff8da0befc4bb354161643b3476) Importer(815301076,1909f56bfc062723c751e8b465ee728b)
Start importing Assets/Art/Characters/Player/Sprite/cat-nohat-idle.png using Guid(125f5ff8da0befc4bb354161643b3476) Importer(815301076,1909f56bfc062723c751e8b465ee728b)  -> (artifact id: '0f13e45444b6942adc6400f0a22c4ed2') in 0.317006 seconds
  Import took 0.329978 seconds .

========================================================================
Received Import Request.
  Time since last request: 3.062111 seconds.
  path: Assets/Art/Characters/Player/Sprite/cat-nohat-idle.png
  artifactKey: Guid(125f5ff8da0befc4bb354161643b3476) Importer(815301076,1909f56bfc062723c751e8b465ee728b)
Start importing Assets/Art/Characters/Player/Sprite/cat-nohat-idle.png using Guid(125f5ff8da0befc4bb354161643b3476) Importer(815301076,1909f56bfc062723c751e8b465ee728b)  -> (artifact id: '0bc082d2cbec2c36fc6bdb4f05fd4e13') in 0.051046 seconds
  Import took 0.060110 seconds .

========================================================================
Received Import Request.
  Time since last request: 0.003525 seconds.
  path: Assets/Art/Characters/Player/Sprite/cat-nohat-idle.png
  artifactKey: Guid(125f5ff8da0befc4bb354161643b3476) Importer(815301076,1909f56bfc062723c751e8b465ee728b)
Start importing Assets/Art/Characters/Player/Sprite/cat-nohat-idle.png using Guid(125f5ff8da0befc4bb354161643b3476) Importer(815301076,1909f56bfc062723c751e8b465ee728b)  -> (artifact id: '0bc082d2cbec2c36fc6bdb4f05fd4e13') in 0.050820 seconds
  Import took 0.105656 seconds .

========================================================================
Received Import Request.
  Time since last request: 48.768427 seconds.
  path: Assets/Art/UI/Interractable/KeycapE.png
  artifactKey: Guid(be5028c433e7b934aa379bbb59594385) Importer(815301076,1909f56bfc062723c751e8b465ee728b)
Start importing Assets/Art/UI/Interractable/KeycapE.png using Guid(be5028c433e7b934aa379bbb59594385) Importer(815301076,1909f56bfc062723c751e8b465ee728b)  -> (artifact id: '7c220fdcfe58192e89fa3af634a104f5') in 0.020353 seconds
  Import took 0.026503 seconds .

========================================================================
Received Import Request.
  Time since last request: 0.001456 seconds.
  path: Assets/Art/UI/Interractable/KeycapE.png
  artifactKey: Guid(be5028c433e7b934aa379bbb59594385) Importer(815301076,1909f56bfc062723c751e8b465ee728b)
Start importing Assets/Art/UI/Interractable/KeycapE.png using Guid(be5028c433e7b934aa379bbb59594385) Importer(815301076,1909f56bfc062723c751e8b465ee728b)  -> (artifact id: '7c220fdcfe58192e89fa3af634a104f5') in 0.020441 seconds
  Import took 0.030153 seconds .

========================================================================
Received Import Request.
  Time since last request: 12.148925 seconds.
  path: Assets/Art/Characters/Player/Sprite/cat-hat-idle.png
  artifactKey: Guid(3a924181e7190d144843fa0c72bb7f0a) Importer(815301076,1909f56bfc062723c751e8b465ee728b)
Start importing Assets/Art/Characters/Player/Sprite/cat-hat-idle.png using Guid(3a924181e7190d144843fa0c72bb7f0a) Importer(815301076,1909f56bfc062723c751e8b465ee728b)  -> (artifact id: '52a5555223e2cc116ba2ba1fdc5078dc') in 0.026500 seconds
  Import took 0.036219 seconds .

========================================================================
Received Import Request.
  Time since last request: 6.515219 seconds.
  path: Assets/Art/Characters/Player/Sprite/cat-hat-movement.png
  artifactKey: Guid(79a40a5435991594e8d23a3a29c1a0f2) Importer(815301076,1909f56bfc062723c751e8b465ee728b)
Start importing Assets/Art/Characters/Player/Sprite/cat-hat-movement.png using Guid(79a40a5435991594e8d23a3a29c1a0f2) Importer(815301076,1909f56bfc062723c751e8b465ee728b)  -> (artifact id: '35b21fda5d6c44b0c5877018e85ab7c5') in 0.110496 seconds
  Import took 0.123267 seconds .

========================================================================
Received Import Request.
  Time since last request: 6.342105 seconds.
  path: Assets/Art/Characters/Player/Sprite/cat-hat-idle.png
  artifactKey: Guid(3a924181e7190d144843fa0c72bb7f0a) Importer(815301076,1909f56bfc062723c751e8b465ee728b)
Start importing Assets/Art/Characters/Player/Sprite/cat-hat-idle.png using Guid(3a924181e7190d144843fa0c72bb7f0a) Importer(815301076,1909f56bfc062723c751e8b465ee728b)  -> (artifact id: '9ec5a9d5992e9fcc1a6fc4eeb66c8883') in 0.055522 seconds
  Import took 0.080597 seconds .

========================================================================
Received Import Request.
  Time since last request: 5.587718 seconds.
  path: Assets/Art/Characters/Player/Sprite/cat-nohat-movement.png
  artifactKey: Guid(387500118ca22d948a1fa1bd24c72d4c) Importer(815301076,1909f56bfc062723c751e8b465ee728b)
Start importing Assets/Art/Characters/Player/Sprite/cat-nohat-movement.png using Guid(387500118ca22d948a1fa1bd24c72d4c) Importer(815301076,1909f56bfc062723c751e8b465ee728b)  -> (artifact id: 'be0114d0536eeca431fb30739ce7eb5d') in 0.065895 seconds
  Import took 0.074622 seconds .

========================================================================
Received Prepare
Registering precompiled user dll's ...
Registered in 0.008387 seconds.
Begin MonoManager ReloadAssembly
Native extension for WindowsStandalone target not found
Native extension for WebGL target not found
Refreshing native plugins compatible for Editor in 1.17 ms, found 2 plugins.
Preloading 0 native plugins for Editor in 0.00 ms.
Mono: successfully reloaded assembly
- Completed reload, in  1.538 seconds
Platform modules already initialized, skipping
Shader 'Universal Render Pipeline/Particles/Lit': fallback shader 'Universal Render Pipeline/Particles/SimpleLit' not found
Shader 'Universal Render Pipeline/Particles/Lit': fallback shader 'Universal Render Pipeline/Particles/SimpleLit' not found
Refreshing native plugins compatible for Editor in 1.06 ms, found 2 plugins.
Preloading 0 native plugins for Editor in 0.00 ms.
Unloading 3130 Unused Serialized files (Serialized files now loaded: 0)
System memory in use before: 136.9 MB.
System memory in use after: 133.2 MB.

Unloading 65 unused Assets to reduce memory usage. Loaded Objects now: 3558.
Total: 6.093800 ms (FindLiveObjects: 0.450900 ms CreateObjectMapping: 0.370300 ms MarkObjects: 2.875800 ms  DeleteObjects: 2.395500 ms)

========================================================================
Received Prepare
Registering precompiled user dll's ...
Registered in 0.005925 seconds.
Begin MonoManager ReloadAssembly
Native extension for WindowsStandalone target not found
Native extension for WebGL target not found
Refreshing native plugins compatible for Editor in 0.66 ms, found 2 plugins.
Preloading 0 native plugins for Editor in 0.00 ms.
Mono: successfully reloaded assembly
- Completed reload, in  1.727 seconds
Platform modules already initialized, skipping
Shader 'Universal Render Pipeline/Particles/Lit': fallback shader 'Universal Render Pipeline/Particles/SimpleLit' not found
Shader 'Universal Render Pipeline/Particles/Lit': fallback shader 'Universal Render Pipeline/Particles/SimpleLit' not found
Refreshing native plugins compatible for Editor in 0.75 ms, found 2 plugins.
Preloading 0 native plugins for Editor in 0.00 ms.
Unloading 3130 Unused Serialized files (Serialized files now loaded: 0)
System memory in use before: 136.9 MB.
System memory in use after: 133.2 MB.

Unloading 65 unused Assets to reduce memory usage. Loaded Objects now: 3561.
Total: 9.594600 ms (FindLiveObjects: 0.408500 ms CreateObjectMapping: 0.303700 ms MarkObjects: 4.019300 ms  DeleteObjects: 4.861400 ms)

========================================================================
Received Import Request.
  Time since last request: 2347.515481 seconds.
  path: Assets/Art/Characters/Player/Animation/Player.controller
  artifactKey: Guid(00347eafe2edc2940877df07cebbf849) Importer(815301076,1909f56bfc062723c751e8b465ee728b)
Start importing Assets/Art/Characters/Player/Animation/Player.controller using Guid(00347eafe2edc2940877df07cebbf849) Importer(815301076,1909f56bfc062723c751e8b465ee728b)  -> (artifact id: '7cf5cf82877a7901f47b3d2b0f79a890') in 0.027400 seconds
  Import took 0.035058 seconds .

========================================================================
Received Import Request.
  Time since last request: 20.703805 seconds.
  path: Assets/Art/Characters/Player/Animation/ChatHatJump.anim
  artifactKey: Guid(c9dcc1931e8bae64baab307bb978ba19) Importer(815301076,1909f56bfc062723c751e8b465ee728b)
Start importing Assets/Art/Characters/Player/Animation/ChatHatJump.anim using Guid(c9dcc1931e8bae64baab307bb978ba19) Importer(815301076,1909f56bfc062723c751e8b465ee728b)  -> (artifact id: '4df8f89fd98a2b0001192703192f4412') in 0.007700 seconds
  Import took 0.013452 seconds .

========================================================================
Received Import Request.
  Time since last request: 0.000957 seconds.
  path: Assets/Art/Characters/Player/Animation/ChatHatJump.anim
  artifactKey: Guid(c9dcc1931e8bae64baab307bb978ba19) Importer(815301076,1909f56bfc062723c751e8b465ee728b)
Start importing Assets/Art/Characters/Player/Animation/ChatHatJump.anim using Guid(c9dcc1931e8bae64baab307bb978ba19) Importer(815301076,1909f56bfc062723c751e8b465ee728b)  -> (artifact id: '4df8f89fd98a2b0001192703192f4412') in 0.004283 seconds
  Import took 0.012952 seconds .

========================================================================
Received Import Request.
  Time since last request: 4.656646 seconds.
  path: Assets/Art/Characters/Player/Animation/CatWalk.anim
  artifactKey: Guid(d4ec04e258afee3449efe20a729d021e) Importer(815301076,1909f56bfc062723c751e8b465ee728b)
Start importing Assets/Art/Characters/Player/Animation/CatWalk.anim using Guid(d4ec04e258afee3449efe20a729d021e) Importer(815301076,1909f56bfc062723c751e8b465ee728b)  -> (artifact id: '6ed71cbcc2da3ad3b2167d8e448d6a5a') in 0.004213 seconds
  Import took 0.014503 seconds .

========================================================================
Received Import Request.
  Time since last request: 3.539043 seconds.
  path: Assets/Art/Characters/Player/Animation/CatIdle.anim
  artifactKey: Guid(967b6b4ef0c18d14f930ea56c88626d8) Importer(815301076,1909f56bfc062723c751e8b465ee728b)
Start importing Assets/Art/Characters/Player/Animation/CatIdle.anim using Guid(967b6b4ef0c18d14f930ea56c88626d8) Importer(815301076,1909f56bfc062723c751e8b465ee728b)  -> (artifact id: '55de59ddfb7b709a1bc7cb921b84c52c') in 0.004920 seconds
  Import took 0.012962 seconds .

========================================================================
Received Import Request.
  Time since last request: 5.336140 seconds.
  path: Assets/Art/Characters/Player/Animation/CatJump.anim
  artifactKey: Guid(a4e36f8065f5a384ab608cb3cbc88f0e) Importer(815301076,1909f56bfc062723c751e8b465ee728b)
Start importing Assets/Art/Characters/Player/Animation/CatJump.anim using Guid(a4e36f8065f5a384ab608cb3cbc88f0e) Importer(815301076,1909f56bfc062723c751e8b465ee728b)  -> (artifact id: '74e6b5a739fed8f41327fb0f2e8e002a') in 0.004351 seconds
  Import took 0.013153 seconds .

========================================================================
Received Import Request.
  Time since last request: 1.634861 seconds.
  path: Assets/Art/Characters/Player/Animation/CatHatWalk.anim
  artifactKey: Guid(17b97a17b4402b24f8cbac518d4bf1f0) Importer(815301076,1909f56bfc062723c751e8b465ee728b)
Start importing Assets/Art/Characters/Player/Animation/CatHatWalk.anim using Guid(17b97a17b4402b24f8cbac518d4bf1f0) Importer(815301076,1909f56bfc062723c751e8b465ee728b)  -> (artifact id: '37725baeb570e5e4ca854b29af67dc56') in 0.005445 seconds
  Import took 0.011813 seconds .

========================================================================
Received Import Request.
  Time since last request: 2.017844 seconds.
  path: Assets/Art/Characters/Player/Animation/CatHatIdle.anim
  artifactKey: Guid(e351bc0dd33562a4e86bba6cbfd1011d) Importer(815301076,1909f56bfc062723c751e8b465ee728b)
Start importing Assets/Art/Characters/Player/Animation/CatHatIdle.anim using Guid(e351bc0dd33562a4e86bba6cbfd1011d) Importer(815301076,1909f56bfc062723c751e8b465ee728b)  -> (artifact id: '8b336c05873fbe61c88570fdf1afa0fd') in 0.004852 seconds
  Import took 0.014358 seconds .

========================================================================
Received Prepare
Registering precompiled user dll's ...
Registered in 0.005770 seconds.
Begin MonoManager ReloadAssembly
Native extension for WindowsStandalone target not found
Native extension for WebGL target not found
Refreshing native plugins compatible for Editor in 0.73 ms, found 2 plugins.
Preloading 0 native plugins for Editor in 0.00 ms.
Mono: successfully reloaded assembly
- Completed reload, in  1.638 seconds
Platform modules already initialized, skipping
Shader 'Universal Render Pipeline/Particles/Lit': fallback shader 'Universal Render Pipeline/Particles/SimpleLit' not found
Shader 'Universal Render Pipeline/Particles/Lit': fallback shader 'Universal Render Pipeline/Particles/SimpleLit' not found
Refreshing native plugins compatible for Editor in 0.70 ms, found 2 plugins.
Preloading 0 native plugins for Editor in 0.00 ms.
Unloading 3130 Unused Serialized files (Serialized files now loaded: 0)
System memory in use before: 137.0 MB.
System memory in use after: 133.2 MB.

Unloading 65 unused Assets to reduce memory usage. Loaded Objects now: 3564.
Total: 6.094300 ms (FindLiveObjects: 0.613100 ms CreateObjectMapping: 0.318400 ms MarkObjects: 2.874900 ms  DeleteObjects: 2.286600 ms)

========================================================================
Received Prepare
Registering precompiled user dll's ...
Registered in 0.007054 seconds.
Begin MonoManager ReloadAssembly
Native extension for WindowsStandalone target not found
Native extension for WebGL target not found
Refreshing native plugins compatible for Editor in 1.26 ms, found 2 plugins.
Preloading 0 native plugins for Editor in 0.00 ms.
Mono: successfully reloaded assembly
- Completed reload, in  1.674 seconds
Platform modules already initialized, skipping
Shader 'Universal Render Pipeline/Particles/Lit': fallback shader 'Universal Render Pipeline/Particles/SimpleLit' not found
Shader 'Universal Render Pipeline/Particles/Lit': fallback shader 'Universal Render Pipeline/Particles/SimpleLit' not found
Refreshing native plugins compatible for Editor in 0.77 ms, found 2 plugins.
Preloading 0 native plugins for Editor in 0.00 ms.
Unloading 3130 Unused Serialized files (Serialized files now loaded: 0)
System memory in use before: 137.0 MB.
System memory in use after: 133.2 MB.

Unloading 65 unused Assets to reduce memory usage. Loaded Objects now: 3567.
Total: 6.055700 ms (FindLiveObjects: 0.312700 ms CreateObjectMapping: 0.160500 ms MarkObjects: 3.073500 ms  DeleteObjects: 2.506900 ms)

========================================================================
Received Prepare
Registering precompiled user dll's ...
Registered in 0.006391 seconds.
Begin MonoManager ReloadAssembly
Native extension for WindowsStandalone target not found
Native extension for WebGL target not found
Refreshing native plugins compatible for Editor in 0.80 ms, found 2 plugins.
Preloading 0 native plugins for Editor in 0.00 ms.
Mono: successfully reloaded assembly
- Completed reload, in  1.661 seconds
Platform modules already initialized, skipping
Shader 'Universal Render Pipeline/Particles/Lit': fallback shader 'Universal Render Pipeline/Particles/SimpleLit' not found
Shader 'Universal Render Pipeline/Particles/Lit': fallback shader 'Universal Render Pipeline/Particles/SimpleLit' not found
Refreshing native plugins compatible for Editor in 0.72 ms, found 2 plugins.
Preloading 0 native plugins for Editor in 0.00 ms.
Unloading 3130 Unused Serialized files (Serialized files now loaded: 0)
System memory in use before: 137.0 MB.
System memory in use after: 133.2 MB.

Unloading 65 unused Assets to reduce memory usage. Loaded Objects now: 3570.
Total: 8.043600 ms (FindLiveObjects: 0.586600 ms CreateObjectMapping: 0.308900 ms MarkObjects: 4.397300 ms  DeleteObjects: 2.745900 ms)

========================================================================
Received Import Request.
  Time since last request: 226.648828 seconds.
  path: Assets/Scripts/Player/CharacterController2D.cs
  artifactKey: Guid(f5dfca6ef7ac89c4aa9b465e954bdeec) Importer(815301076,1909f56bfc062723c751e8b465ee728b)
Start importing Assets/Scripts/Player/CharacterController2D.cs using Guid(f5dfca6ef7ac89c4aa9b465e954bdeec) Importer(815301076,1909f56bfc062723c751e8b465ee728b)  -> (artifact id: '84ee1ba08ce4be45889d9b48a8e2aeb0') in 0.014456 seconds
  Import took 0.023283 seconds .

========================================================================
Received Prepare
Registering precompiled user dll's ...
Registered in 0.007048 seconds.
Begin MonoManager ReloadAssembly
Native extension for WindowsStandalone target not found
Native extension for WebGL target not found
Refreshing native plugins compatible for Editor in 0.74 ms, found 2 plugins.
Preloading 0 native plugins for Editor in 0.00 ms.
Mono: successfully reloaded assembly
- Completed reload, in  1.574 seconds
Platform modules already initialized, skipping
Shader 'Universal Render Pipeline/Particles/Lit': fallback shader 'Universal Render Pipeline/Particles/SimpleLit' not found
Shader 'Universal Render Pipeline/Particles/Lit': fallback shader 'Universal Render Pipeline/Particles/SimpleLit' not found
Refreshing native plugins compatible for Editor in 0.66 ms, found 2 plugins.
Preloading 0 native plugins for Editor in 0.00 ms.
Unloading 3130 Unused Serialized files (Serialized files now loaded: 0)
System memory in use before: 137.0 MB.
System memory in use after: 133.3 MB.

Unloading 65 unused Assets to reduce memory usage. Loaded Objects now: 3573.
Total: 6.461800 ms (FindLiveObjects: 0.374900 ms CreateObjectMapping: 0.294100 ms MarkObjects: 3.507500 ms  DeleteObjects: 2.283900 ms)

========================================================================
Received Import Request.
  Time since last request: 50.180466 seconds.
  path: Assets/Scripts/Player/CharacterController2D.cs
  artifactKey: Guid(f5dfca6ef7ac89c4aa9b465e954bdeec) Importer(815301076,1909f56bfc062723c751e8b465ee728b)
Start importing Assets/Scripts/Player/CharacterController2D.cs using Guid(f5dfca6ef7ac89c4aa9b465e954bdeec) Importer(815301076,1909f56bfc062723c751e8b465ee728b)  -> (artifact id: 'e3b184437c5aa43fe1ba1e61161c55f1') in 0.011214 seconds
  Import took 0.017240 seconds .

========================================================================
Received Prepare
Registering precompiled user dll's ...
Registered in 0.007323 seconds.
Begin MonoManager ReloadAssembly
Native extension for WindowsStandalone target not found
Native extension for WebGL target not found
Refreshing native plugins compatible for Editor in 1.21 ms, found 2 plugins.
Preloading 0 native plugins for Editor in 0.00 ms.
Mono: successfully reloaded assembly
- Completed reload, in  1.533 seconds
Platform modules already initialized, skipping
Shader 'Universal Render Pipeline/Particles/Lit': fallback shader 'Universal Render Pipeline/Particles/SimpleLit' not found
Shader 'Universal Render Pipeline/Particles/Lit': fallback shader 'Universal Render Pipeline/Particles/SimpleLit' not found
Refreshing native plugins compatible for Editor in 0.91 ms, found 2 plugins.
Preloading 0 native plugins for Editor in 0.00 ms.
Unloading 3130 Unused Serialized files (Serialized files now loaded: 0)
System memory in use before: 137.0 MB.
System memory in use after: 133.3 MB.

Unloading 65 unused Assets to reduce memory usage. Loaded Objects now: 3576.
Total: 6.653700 ms (FindLiveObjects: 0.419900 ms CreateObjectMapping: 0.329900 ms MarkObjects: 3.254600 ms  DeleteObjects: 2.647500 ms)

========================================================================
Received Import Request.
  Time since last request: 214.823266 seconds.
  path: Assets/Art/Characters/Player/Sprite/cat-hat-idle.png
  artifactKey: Guid(3a924181e7190d144843fa0c72bb7f0a) Importer(815301076,1909f56bfc062723c751e8b465ee728b)
Start importing Assets/Art/Characters/Player/Sprite/cat-hat-idle.png using Guid(3a924181e7190d144843fa0c72bb7f0a) Importer(815301076,1909f56bfc062723c751e8b465ee728b)  -> (artifact id: '27bb94d096bf75dd6897620617f45751') in 0.167031 seconds
  Import took 0.177183 seconds .

========================================================================
Received Import Request.
  Time since last request: 131.198551 seconds.
  path: Assets/Art/Characters/Player/Sprite/cat-hat-movement.png
  artifactKey: Guid(79a40a5435991594e8d23a3a29c1a0f2) Importer(815301076,1909f56bfc062723c751e8b465ee728b)
Start importing Assets/Art/Characters/Player/Sprite/cat-hat-movement.png using Guid(79a40a5435991594e8d23a3a29c1a0f2) Importer(815301076,1909f56bfc062723c751e8b465ee728b)  -> (artifact id: '44e15f5d4b83fa1ad99869214768bdf8') in 0.048898 seconds
  Import took 0.057483 seconds .

========================================================================
Received Import Request.
  Time since last request: 0.000272 seconds.
  path: Assets/Art/Characters/Player/Sprite/cat-nohat-movement.png
  artifactKey: Guid(387500118ca22d948a1fa1bd24c72d4c) Importer(815301076,1909f56bfc062723c751e8b465ee728b)
Start importing Assets/Art/Characters/Player/Sprite/cat-nohat-movement.png using Guid(387500118ca22d948a1fa1bd24c72d4c) Importer(815301076,1909f56bfc062723c751e8b465ee728b)  -> (artifact id: '01afae028696651ad43429379597e5f4') in 0.057533 seconds
  Import took 0.066188 seconds .

========================================================================
Received Import Request.
  Time since last request: 0.000229 seconds.
  path: Assets/Art/Characters/Player/Sprite/cat-nohat-idle.png
  artifactKey: Guid(125f5ff8da0befc4bb354161643b3476) Importer(815301076,1909f56bfc062723c751e8b465ee728b)
Start importing Assets/Art/Characters/Player/Sprite/cat-nohat-idle.png using Guid(125f5ff8da0befc4bb354161643b3476) Importer(815301076,1909f56bfc062723c751e8b465ee728b)  -> (artifact id: '3b142e37169371b1182e848fc7748050') in 0.062472 seconds
  Import took 0.069755 seconds .

========================================================================
Received Prepare
Registering precompiled user dll's ...
Registered in 0.006862 seconds.
Begin MonoManager ReloadAssembly
Native extension for WindowsStandalone target not found
Native extension for WebGL target not found
Refreshing native plugins compatible for Editor in 0.83 ms, found 2 plugins.
Preloading 0 native plugins for Editor in 0.00 ms.
Mono: successfully reloaded assembly
- Completed reload, in  1.702 seconds
Platform modules already initialized, skipping
Shader 'Universal Render Pipeline/Particles/Lit': fallback shader 'Universal Render Pipeline/Particles/SimpleLit' not found
Shader 'Universal Render Pipeline/Particles/Lit': fallback shader 'Universal Render Pipeline/Particles/SimpleLit' not found
Refreshing native plugins compatible for Editor in 0.68 ms, found 2 plugins.
Preloading 0 native plugins for Editor in 0.00 ms.
Unloading 3130 Unused Serialized files (Serialized files now loaded: 0)
System memory in use before: 137.0 MB.
System memory in use after: 133.3 MB.

Unloading 65 unused Assets to reduce memory usage. Loaded Objects now: 3580.
Total: 6.311400 ms (FindLiveObjects: 0.394700 ms CreateObjectMapping: 0.382300 ms MarkObjects: 3.143500 ms  DeleteObjects: 2.389400 ms)

========================================================================
Received Prepare
Registering precompiled user dll's ...
Registered in 0.006284 seconds.
Begin MonoManager ReloadAssembly
Native extension for WindowsStandalone target not found
Native extension for WebGL target not found
Refreshing native plugins compatible for Editor in 0.73 ms, found 2 plugins.
Preloading 0 native plugins for Editor in 0.00 ms.
Mono: successfully reloaded assembly
- Completed reload, in  1.655 seconds
Platform modules already initialized, skipping
Shader 'Universal Render Pipeline/Particles/Lit': fallback shader 'Universal Render Pipeline/Particles/SimpleLit' not found
Shader 'Universal Render Pipeline/Particles/Lit': fallback shader 'Universal Render Pipeline/Particles/SimpleLit' not found
Refreshing native plugins compatible for Editor in 0.70 ms, found 2 plugins.
Preloading 0 native plugins for Editor in 0.00 ms.
Unloading 3130 Unused Serialized files (Serialized files now loaded: 0)
System memory in use before: 137.0 MB.
System memory in use after: 133.3 MB.

Unloading 65 unused Assets to reduce memory usage. Loaded Objects now: 3583.
Total: 7.677000 ms (FindLiveObjects: 0.406600 ms CreateObjectMapping: 0.301700 ms MarkObjects: 3.133800 ms  DeleteObjects: 3.833600 ms)

========================================================================
Received Prepare
Registering precompiled user dll's ...
Registered in 0.006919 seconds.
Begin MonoManager ReloadAssembly
Native extension for WindowsStandalone target not found
Native extension for WebGL target not found
Refreshing native plugins compatible for Editor in 0.71 ms, found 2 plugins.
Preloading 0 native plugins for Editor in 0.00 ms.
Mono: successfully reloaded assembly
- Completed reload, in  1.614 seconds
Platform modules already initialized, skipping
Shader 'Universal Render Pipeline/Particles/Lit': fallback shader 'Universal Render Pipeline/Particles/SimpleLit' not found
Shader 'Universal Render Pipeline/Particles/Lit': fallback shader 'Universal Render Pipeline/Particles/SimpleLit' not found
Refreshing native plugins compatible for Editor in 0.72 ms, found 2 plugins.
Preloading 0 native plugins for Editor in 0.00 ms.
Unloading 3128 Unused Serialized files (Serialized files now loaded: 0)
System memory in use before: 136.9 MB.
System memory in use after: 133.3 MB.

Unloading 66 unused Assets to reduce memory usage. Loaded Objects now: 3585.
Total: 7.335400 ms (FindLiveObjects: 0.452100 ms CreateObjectMapping: 0.333000 ms MarkObjects: 4.079600 ms  DeleteObjects: 2.468900 ms)

========================================================================
Received Import Request.
  Time since last request: 312.585597 seconds.
  path: Assets/DeleteLater/test.png
  artifactKey: Guid(0cbda50c5682b324aa68fbcaa6d73625) Importer(815301076,1909f56bfc062723c751e8b465ee728b)
Start importing Assets/DeleteLater/test.png using Guid(0cbda50c5682b324aa68fbcaa6d73625) Importer(815301076,1909f56bfc062723c751e8b465ee728b)  -> (artifact id: '216f40cb70eace1f854d00829a10877c') in 0.071340 seconds
  Import took 0.081497 seconds .

========================================================================
Received Import Request.
  Time since last request: 5.771551 seconds.
  path: Assets/DeleteLater/test.png
  artifactKey: Guid(0cbda50c5682b324aa68fbcaa6d73625) Importer(815301076,1909f56bfc062723c751e8b465ee728b)
Start importing Assets/DeleteLater/test.png using Guid(0cbda50c5682b324aa68fbcaa6d73625) Importer(815301076,1909f56bfc062723c751e8b465ee728b)  -> (artifact id: '886b6a1c5ebc4b4f05b89b278c91f2df') in 0.019942 seconds
  Import took 0.026224 seconds .

========================================================================
Received Import Request.
  Time since last request: 0.011626 seconds.
  path: Assets/DeleteLater/test.png
  artifactKey: Guid(0cbda50c5682b324aa68fbcaa6d73625) Importer(815301076,1909f56bfc062723c751e8b465ee728b)
Start importing Assets/DeleteLater/test.png using Guid(0cbda50c5682b324aa68fbcaa6d73625) Importer(815301076,1909f56bfc062723c751e8b465ee728b)  -> (artifact id: '886b6a1c5ebc4b4f05b89b278c91f2df') in 0.016000 seconds
  Import took 0.023702 seconds .

========================================================================
Received Import Request.
  Time since last request: 2.513133 seconds.
  path: Assets/DeleteLater/test.png
  artifactKey: Guid(0cbda50c5682b324aa68fbcaa6d73625) Importer(815301076,1909f56bfc062723c751e8b465ee728b)
Start importing Assets/DeleteLater/test.png using Guid(0cbda50c5682b324aa68fbcaa6d73625) Importer(815301076,1909f56bfc062723c751e8b465ee728b)  -> (artifact id: 'b9807dc8eb6a1bb16d2aa5357698452d') in 0.011710 seconds
  Import took 0.021651 seconds .

========================================================================
Received Import Request.
  Time since last request: 0.016811 seconds.
  path: Assets/DeleteLater/test.png
  artifactKey: Guid(0cbda50c5682b324aa68fbcaa6d73625) Importer(815301076,1909f56bfc062723c751e8b465ee728b)
Start importing Assets/DeleteLater/test.png using Guid(0cbda50c5682b324aa68fbcaa6d73625) Importer(815301076,1909f56bfc062723c751e8b465ee728b)  -> (artifact id: 'b9807dc8eb6a1bb16d2aa5357698452d') in 0.012620 seconds
  Import took 0.021490 seconds .

========================================================================
Received Import Request.
  Time since last request: 19.414798 seconds.
  path: Assets/DeleteLater/test.png
  artifactKey: Guid(0cbda50c5682b324aa68fbcaa6d73625) Importer(815301076,1909f56bfc062723c751e8b465ee728b)
Start importing Assets/DeleteLater/test.png using Guid(0cbda50c5682b324aa68fbcaa6d73625) Importer(815301076,1909f56bfc062723c751e8b465ee728b)  -> (artifact id: '6ae8873d3c8823f520dac9c51ebf2eaf') in 0.012661 seconds
  Import took 0.019433 seconds .

========================================================================
Received Import Request.
  Time since last request: 0.013114 seconds.
  path: Assets/DeleteLater/test.png
  artifactKey: Guid(0cbda50c5682b324aa68fbcaa6d73625) Importer(815301076,1909f56bfc062723c751e8b465ee728b)
Start importing Assets/DeleteLater/test.png using Guid(0cbda50c5682b324aa68fbcaa6d73625) Importer(815301076,1909f56bfc062723c751e8b465ee728b)  -> (artifact id: '6ae8873d3c8823f520dac9c51ebf2eaf') in 0.019619 seconds
  Import took 0.026796 seconds .

========================================================================
Received Prepare
Registering precompiled user dll's ...
Registered in 0.005766 seconds.
Begin MonoManager ReloadAssembly
Native extension for WindowsStandalone target not found
Native extension for WebGL target not found
Refreshing native plugins compatible for Editor in 0.68 ms, found 2 plugins.
Preloading 0 native plugins for Editor in 0.00 ms.
Mono: successfully reloaded assembly
- Completed reload, in  1.570 seconds
Platform modules already initialized, skipping
Shader 'Universal Render Pipeline/Particles/Lit': fallback shader 'Universal Render Pipeline/Particles/SimpleLit' not found
Shader 'Universal Render Pipeline/Particles/Lit': fallback shader 'Universal Render Pipeline/Particles/SimpleLit' not found
Refreshing native plugins compatible for Editor in 0.62 ms, found 2 plugins.
Preloading 0 native plugins for Editor in 0.00 ms.
Unloading 3128 Unused Serialized files (Serialized files now loaded: 0)
System memory in use before: 136.9 MB.
System memory in use after: 133.3 MB.

Unloading 65 unused Assets to reduce memory usage. Loaded Objects now: 3591.
Total: 5.966800 ms (FindLiveObjects: 0.308100 ms CreateObjectMapping: 0.152300 ms MarkObjects: 2.740100 ms  DeleteObjects: 2.765000 ms)

========================================================================
Received Prepare
Registering precompiled user dll's ...
Registered in 0.009630 seconds.
Begin MonoManager ReloadAssembly
Native extension for WindowsStandalone target not found
Native extension for WebGL target not found
Refreshing native plugins compatible for Editor in 0.72 ms, found 2 plugins.
Preloading 0 native plugins for Editor in 0.00 ms.
Mono: successfully reloaded assembly
- Completed reload, in  1.486 seconds
Platform modules already initialized, skipping
Shader 'Universal Render Pipeline/Particles/Lit': fallback shader 'Universal Render Pipeline/Particles/SimpleLit' not found
Shader 'Universal Render Pipeline/Particles/Lit': fallback shader 'Universal Render Pipeline/Particles/SimpleLit' not found
Refreshing native plugins compatible for Editor in 2.56 ms, found 2 plugins.
Preloading 0 native plugins for Editor in 0.00 ms.
Unloading 3128 Unused Serialized files (Serialized files now loaded: 0)
System memory in use before: 137.0 MB.
System memory in use after: 133.3 MB.

Unloading 65 unused Assets to reduce memory usage. Loaded Objects now: 3594.
Total: 6.476200 ms (FindLiveObjects: 0.400500 ms CreateObjectMapping: 0.308600 ms MarkObjects: 3.067200 ms  DeleteObjects: 2.698300 ms)

========================================================================
Received Import Request.
  Time since last request: 404.110017 seconds.
  path: Assets/Instances/FoundHat.asset
  artifactKey: Guid(93b7a76dcf522a14b859ed8571012770) Importer(815301076,1909f56bfc062723c751e8b465ee728b)
Start importing Assets/Instances/FoundHat.asset using Guid(93b7a76dcf522a14b859ed8571012770) Importer(815301076,1909f56bfc062723c751e8b465ee728b)  -> (artifact id: 'c14bb539747b3750e0be88f723dcea65') in 0.023875 seconds
  Import took 0.032085 seconds .

========================================================================
Received Import Request.
  Time since last request: 0.002887 seconds.
  path: Assets/Instances/FoundHat.asset
  artifactKey: Guid(93b7a76dcf522a14b859ed8571012770) Importer(815301076,1909f56bfc062723c751e8b465ee728b)
Start importing Assets/Instances/FoundHat.asset using Guid(93b7a76dcf522a14b859ed8571012770) Importer(815301076,1909f56bfc062723c751e8b465ee728b)  -> (artifact id: 'c14bb539747b3750e0be88f723dcea65') in 0.008889 seconds
  Import took 0.016392 seconds .

========================================================================
Received Import Request.
  Time since last request: 42.309350 seconds.
  path: Assets/Scripts/Ingredient/RecipePage.cs
  artifactKey: Guid(1218be3170219ce47a30c048bcc25c39) Importer(815301076,1909f56bfc062723c751e8b465ee728b)
Start importing Assets/Scripts/Ingredient/RecipePage.cs using Guid(1218be3170219ce47a30c048bcc25c39) Importer(815301076,1909f56bfc062723c751e8b465ee728b)  -> (artifact id: '1266473a9f01266f22a3846ac72d54e7') in 0.003853 seconds
  Import took 0.014511 seconds .

========================================================================
Received Prepare
Registering precompiled user dll's ...
Registered in 0.010088 seconds.
Begin MonoManager ReloadAssembly
Native extension for WindowsStandalone target not found
Native extension for WebGL target not found
Refreshing native plugins compatible for Editor in 0.98 ms, found 2 plugins.
Preloading 0 native plugins for Editor in 0.00 ms.
Mono: successfully reloaded assembly
- Completed reload, in  1.472 seconds
Platform modules already initialized, skipping
Shader 'Universal Render Pipeline/Particles/Lit': fallback shader 'Universal Render Pipeline/Particles/SimpleLit' not found
Shader 'Universal Render Pipeline/Particles/Lit': fallback shader 'Universal Render Pipeline/Particles/SimpleLit' not found
Refreshing native plugins compatible for Editor in 0.72 ms, found 2 plugins.
Preloading 0 native plugins for Editor in 0.00 ms.
Unloading 3127 Unused Serialized files (Serialized files now loaded: 0)
System memory in use before: 137.0 MB.
System memory in use after: 133.3 MB.

Unloading 66 unused Assets to reduce memory usage. Loaded Objects now: 3596.
Total: 7.530200 ms (FindLiveObjects: 0.491500 ms CreateObjectMapping: 0.424400 ms MarkObjects: 3.231200 ms  DeleteObjects: 3.381600 ms)

========================================================================
Received Import Request.
  Time since last request: 42.102573 seconds.
  path: Assets/Scripts/Ingredient/IngredientType.cs
  artifactKey: Guid(dc6e8eeaa9463cc4bbab8ce20f298c47) Importer(815301076,1909f56bfc062723c751e8b465ee728b)
Start importing Assets/Scripts/Ingredient/IngredientType.cs using Guid(dc6e8eeaa9463cc4bbab8ce20f298c47) Importer(815301076,1909f56bfc062723c751e8b465ee728b)  -> (artifact id: 'f7f137fdbbcbb9878f21dbcd24c5c97c') in 0.020063 seconds
  Import took 0.042840 seconds .

========================================================================
Received Import Request.
  Time since last request: 0.001883 seconds.
  path: Assets/Scripts/Ingredient/IngredientType.cs
  artifactKey: Guid(dc6e8eeaa9463cc4bbab8ce20f298c47) Importer(815301076,1909f56bfc062723c751e8b465ee728b)
Start importing Assets/Scripts/Ingredient/IngredientType.cs using Guid(dc6e8eeaa9463cc4bbab8ce20f298c47) Importer(815301076,1909f56bfc062723c751e8b465ee728b)  -> (artifact id: 'f7f137fdbbcbb9878f21dbcd24c5c97c') in 0.018506 seconds
  Import took 0.041331 seconds .

========================================================================
Received Prepare
Registering precompiled user dll's ...
Registered in 0.007295 seconds.
Begin MonoManager ReloadAssembly
Native extension for WindowsStandalone target not found
Native extension for WebGL target not found
Refreshing native plugins compatible for Editor in 0.79 ms, found 2 plugins.
Preloading 0 native plugins for Editor in 0.00 ms.
Mono: successfully reloaded assembly
- Completed reload, in  1.814 seconds
Platform modules already initialized, skipping
Shader 'Universal Render Pipeline/Particles/Lit': fallback shader 'Universal Render Pipeline/Particles/SimpleLit' not found
Shader 'Universal Render Pipeline/Particles/Lit': fallback shader 'Universal Render Pipeline/Particles/SimpleLit' not found
Refreshing native plugins compatible for Editor in 1.03 ms, found 2 plugins.
Preloading 0 native plugins for Editor in 0.00 ms.
Unloading 3127 Unused Serialized files (Serialized files now loaded: 0)
System memory in use before: 137.0 MB.
System memory in use after: 133.3 MB.

Unloading 65 unused Assets to reduce memory usage. Loaded Objects now: 3599.
Total: 8.489900 ms (FindLiveObjects: 2.606000 ms CreateObjectMapping: 0.328200 ms MarkObjects: 2.750000 ms  DeleteObjects: 2.804300 ms)

========================================================================
Received Prepare
Registering precompiled user dll's ...
Registered in 0.008047 seconds.
Begin MonoManager ReloadAssembly
Native extension for WindowsStandalone target not found
Native extension for WebGL target not found
Refreshing native plugins compatible for Editor in 0.71 ms, found 2 plugins.
Preloading 0 native plugins for Editor in 0.00 ms.
Mono: successfully reloaded assembly
- Completed reload, in  1.461 seconds
Platform modules already initialized, skipping
Shader 'Universal Render Pipeline/Particles/Lit': fallback shader 'Universal Render Pipeline/Particles/SimpleLit' not found
Shader 'Universal Render Pipeline/Particles/Lit': fallback shader 'Universal Render Pipeline/Particles/SimpleLit' not found
Refreshing native plugins compatible for Editor in 0.68 ms, found 2 plugins.
Preloading 0 native plugins for Editor in 0.00 ms.
Unloading 3127 Unused Serialized files (Serialized files now loaded: 0)
System memory in use before: 137.0 MB.
System memory in use after: 133.3 MB.

Unloading 65 unused Assets to reduce memory usage. Loaded Objects now: 3602.
Total: 6.581500 ms (FindLiveObjects: 0.295400 ms CreateObjectMapping: 0.181300 ms MarkObjects: 3.347900 ms  DeleteObjects: 2.755400 ms)

========================================================================
Received Import Request.
  Time since last request: 149.563527 seconds.
  path: Assets/Scripts/Ingredient/IngredientType.cs
  artifactKey: Guid(dc6e8eeaa9463cc4bbab8ce20f298c47) Importer(815301076,1909f56bfc062723c751e8b465ee728b)
Start importing Assets/Scripts/Ingredient/IngredientType.cs using Guid(dc6e8eeaa9463cc4bbab8ce20f298c47) Importer(815301076,1909f56bfc062723c751e8b465ee728b)  -> (artifact id: '19224fe737177826a8a25e75886e8706') in 0.008366 seconds
  Import took 0.014844 seconds .

========================================================================
Received Prepare
Registering precompiled user dll's ...
Registered in 0.005673 seconds.
Begin MonoManager ReloadAssembly
Native extension for WindowsStandalone target not found
Native extension for WebGL target not found
Refreshing native plugins compatible for Editor in 0.71 ms, found 2 plugins.
Preloading 0 native plugins for Editor in 0.00 ms.
Mono: successfully reloaded assembly
- Completed reload, in  1.478 seconds
Platform modules already initialized, skipping
Shader 'Universal Render Pipeline/Particles/Lit': fallback shader 'Universal Render Pipeline/Particles/SimpleLit' not found
Shader 'Universal Render Pipeline/Particles/Lit': fallback shader 'Universal Render Pipeline/Particles/SimpleLit' not found
Refreshing native plugins compatible for Editor in 0.64 ms, found 2 plugins.
Preloading 0 native plugins for Editor in 0.00 ms.
Unloading 3127 Unused Serialized files (Serialized files now loaded: 0)
System memory in use before: 137.0 MB.
System memory in use after: 133.3 MB.

Unloading 65 unused Assets to reduce memory usage. Loaded Objects now: 3605.
Total: 5.729200 ms (FindLiveObjects: 0.302000 ms CreateObjectMapping: 0.150800 ms MarkObjects: 2.631900 ms  DeleteObjects: 2.643100 ms)

